Using pre-set license

 COMMAND LINE ARGUMENTS:
/Applications/Unity/Hub/Editor/2020.2.2f1/Unity.app/Contents/MacOS/Unity
-adb2
-batchMode
-noUpm
-name
AssetImportWorker0
-projectPath
/Users/samfoit/Desktop/Unity/Repos/DailyQuest
-logFile
Logs/AssetImportWorker0.log
-srvPort
60783
Successfully changed project path to: /Users/samfoit/Desktop/Unity/Repos/DailyQuest
/Users/samfoit/Desktop/Unity/Repos/DailyQuest
Using Asset Import Pipeline V2.
Refreshing native plugins compatible for Editor in 101.32 ms, found 1 plugins.
Preloading 0 native plugins for Editor in 0.00 ms.
Initialize engine version: 2020.2.2f1 (068178b99f32)
[Subsystems] Discovering subsystems at path /Applications/Unity/Hub/Editor/2020.2.2f1/Unity.app/Contents/Resources/UnitySubsystems
[Subsystems] Discovering subsystems at path /Users/samfoit/Desktop/Unity/Repos/DailyQuest/Assets
GfxDevice: creating device client; threaded=0
2021-03-05 14:12:35.798 Unity[20606:783307] Color LCD preferred device: Intel Iris Graphics (low power)
2021-03-05 14:12:35.798 Unity[20606:783307] Metal devices available: 1
2021-03-05 14:12:35.798 Unity[20606:783307] 0: Intel Iris Graphics (low power)
2021-03-05 14:12:35.798 Unity[20606:783307] Using device Intel Iris Graphics (low power)
Initializing Metal device caps: Intel Iris Graphics
Initialize mono
Mono path[0] = '/Applications/Unity/Hub/Editor/2020.2.2f1/Unity.app/Contents/Managed'
Mono path[1] = '/Applications/Unity/Hub/Editor/2020.2.2f1/Unity.app/Contents/MonoBleedingEdge/lib/mono/unityjit'
Mono config path = '/Applications/Unity/Hub/Editor/2020.2.2f1/Unity.app/Contents/MonoBleedingEdge/etc'
Using monoOptions --debugger-agent=transport=dt_socket,embedding=1,server=y,suspend=n,address=127.0.0.1:56606
Begin MonoManager ReloadAssembly
Registering precompiled unity dll's ...
Register platform support module: /Applications/Unity/Hub/Editor/2020.2.2f1/PlaybackEngines/WebGLSupport/UnityEditor.WebGL.Extensions.dll
Register platform support module: /Applications/Unity/Hub/Editor/2020.2.2f1/Unity.app/Contents/PlaybackEngines/MacStandaloneSupport/UnityEditor.OSXStandalone.Extensions.dll
Register platform support module: /Applications/Unity/Hub/Editor/2020.2.2f1/PlaybackEngines/WindowsStandaloneSupport/UnityEditor.WindowsStandalone.Extensions.dll
Registered in 0.003677 seconds.
Native extension for WindowsStandalone target not found
Native extension for OSXStandalone target not found
Native extension for WebGL target not found
Refreshing native plugins compatible for Editor in 72.88 ms, found 1 plugins.
Preloading 0 native plugins for Editor in 0.00 ms.
Invoked RoslynAnalysisRunner static constructor.
RoslynAnalysisRunner will not be running.
RoslynAnalysisRunner has terminated.
Mono: successfully reloaded assembly
- Completed reload, in  4.942 seconds
Platform modules already initialized, skipping
Registering precompiled user dll's ...
Registered in 0.004259 seconds.
Begin MonoManager ReloadAssembly
Native extension for WindowsStandalone target not found
Native extension for OSXStandalone target not found
Native extension for WebGL target not found
Refreshing native plugins compatible for Editor in 1.23 ms, found 1 plugins.
Preloading 0 native plugins for Editor in 0.00 ms.
Invoked RoslynAnalysisRunner static constructor.
RoslynAnalysisRunner will not be running.
RoslynAnalysisRunner has terminated.
Mono: successfully reloaded assembly
- Completed reload, in  1.865 seconds
Platform modules already initialized, skipping
========================================================================
Worker process is ready to serve import requests
Launching external process: /Applications/Unity/Hub/Editor/2020.2.2f1/Unity.app/Contents/Tools/UnityShaderCompiler
Launched and connected shader compiler UnityShaderCompiler after 0.03 seconds
Refreshing native plugins compatible for Editor in 1.10 ms, found 1 plugins.
Preloading 0 native plugins for Editor in 0.00 ms.
Unloading 1525 Unused Serialized files (Serialized files now loaded: 0)
System memory in use before: 126.0 MB.
System memory in use after: 126.1 MB.

Unloading 31 unused Assets to reduce memory usage. Loaded Objects now: 1960.
Total: 2.747453 ms (FindLiveObjects: 0.251399 ms CreateObjectMapping: 0.091493 ms MarkObjects: 2.318620 ms  DeleteObjects: 0.083213 ms)

========================================================================
Received Import Request.
  path: Assets/Scripts/Task Manager/Timer.cs
  artifactKey: Guid(eaa296a51522a4628aefa9030e0010fa) Importer(815301076,1909f56bfc062723c751e8b465ee728b)
Start importing Assets/Scripts/Task Manager/Timer.cs using Guid(eaa296a51522a4628aefa9030e0010fa) Importer(815301076,1909f56bfc062723c751e8b465ee728b)  -> (artifact id: '20d7d99b6490130c9cf3e2c3e620ebbe') in 0.953814 seconds
  Import took 0.961483 seconds .

========================================================================
Received Prepare
Registering precompiled user dll's ...
Registered in 0.001592 seconds.
Begin MonoManager ReloadAssembly
Native extension for WindowsStandalone target not found
Native extension for OSXStandalone target not found
Native extension for WebGL target not found
Refreshing native plugins compatible for Editor in 0.84 ms, found 1 plugins.
Preloading 0 native plugins for Editor in 0.00 ms.
Invoked RoslynAnalysisRunner static constructor.
RoslynAnalysisRunner will not be running.
RoslynAnalysisRunner has terminated.
Mono: successfully reloaded assembly
- Completed reload, in  1.707 seconds
Platform modules already initialized, skipping
Switching build target platform(2) subTarget(0) extendedPlatform(0) -> platform(9) subTarget(16777218) extendedPlatform(0)
Refreshing native plugins compatible for Editor in 0.75 ms, found 1 plugins.
Preloading 0 native plugins for Editor in 0.00 ms.
Unloading 1524 Unused Serialized files (Serialized files now loaded: 0)
System memory in use before: 130.6 MB.
System memory in use after: 130.7 MB.

Unloading 22 unused Assets to reduce memory usage. Loaded Objects now: 1964.
Total: 5.683276 ms (FindLiveObjects: 1.304324 ms CreateObjectMapping: 0.342501 ms MarkObjects: 3.979972 ms  DeleteObjects: 0.054204 ms)

AssetImportParameters requested are different than current active one (requested -> active):
  custom:graphics/normal-map-encoding: 01000000000000000000000000000000 -> 02000000000000000000000000000000
========================================================================
Received Prepare
Registering precompiled user dll's ...
Registered in 0.002225 seconds.
Begin MonoManager ReloadAssembly
Native extension for WindowsStandalone target not found
Native extension for OSXStandalone target not found
Native extension for WebGL target not found
Refreshing native plugins compatible for Editor in 0.67 ms, found 1 plugins.
Preloading 0 native plugins for Editor in 0.00 ms.
Invoked RoslynAnalysisRunner static constructor.
RoslynAnalysisRunner will not be running.
RoslynAnalysisRunner has terminated.
Mono: successfully reloaded assembly
- Completed reload, in  2.531 seconds
Platform modules already initialized, skipping
Switching build target platform(2) subTarget(0) extendedPlatform(0) -> platform(9) subTarget(16777218) extendedPlatform(0)
Refreshing native plugins compatible for Editor in 0.62 ms, found 1 plugins.
Preloading 0 native plugins for Editor in 0.00 ms.
Unloading 1523 Unused Serialized files (Serialized files now loaded: 0)
System memory in use before: 130.9 MB.
System memory in use after: 131.0 MB.

Unloading 22 unused Assets to reduce memory usage. Loaded Objects now: 1966.
Total: 8.174280 ms (FindLiveObjects: 1.066265 ms CreateObjectMapping: 0.136322 ms MarkObjects: 6.930897 ms  DeleteObjects: 0.036843 ms)

AssetImportParameters requested are different than current active one (requested -> active):
  custom:graphics/normal-map-encoding: 01000000000000000000000000000000 -> 02000000000000000000000000000000
========================================================================
Received Prepare
Registering precompiled user dll's ...
Registered in 0.001384 seconds.
Begin MonoManager ReloadAssembly
Native extension for WindowsStandalone target not found
Native extension for OSXStandalone target not found
Native extension for WebGL target not found
Refreshing native plugins compatible for Editor in 1.19 ms, found 1 plugins.
Preloading 0 native plugins for Editor in 0.00 ms.
Invoked RoslynAnalysisRunner static constructor.
RoslynAnalysisRunner will not be running.
RoslynAnalysisRunner has terminated.
Mono: successfully reloaded assembly
- Completed reload, in  1.753 seconds
Platform modules already initialized, skipping
Switching build target platform(2) subTarget(0) extendedPlatform(0) -> platform(9) subTarget(16777218) extendedPlatform(0)
Refreshing native plugins compatible for Editor in 0.87 ms, found 1 plugins.
Preloading 0 native plugins for Editor in 0.00 ms.
Unloading 1523 Unused Serialized files (Serialized files now loaded: 0)
System memory in use before: 131.2 MB.
System memory in use after: 131.3 MB.

Unloading 22 unused Assets to reduce memory usage. Loaded Objects now: 1968.
Total: 2.696900 ms (FindLiveObjects: 0.330858 ms CreateObjectMapping: 0.127137 ms MarkObjects: 2.208292 ms  DeleteObjects: 0.029152 ms)

AssetImportParameters requested are different than current active one (requested -> active):
  custom:graphics/normal-map-encoding: 01000000000000000000000000000000 -> 02000000000000000000000000000000
========================================================================
Received Import Request.
  Time since last request: 1050.326571 seconds.
  path: Assets/Udemy RPG Assets/Fonts
  artifactKey: Guid(d50d11aa9af4fed4c9ae9d685514fe13) Importer(815301076,1909f56bfc062723c751e8b465ee728b)
Start importing Assets/Udemy RPG Assets/Fonts using Guid(d50d11aa9af4fed4c9ae9d685514fe13) Importer(815301076,1909f56bfc062723c751e8b465ee728b)  -> (artifact id: '93b097b5e601f279dfe7591d793bc2a1') in 0.049764 seconds
  Import took 0.080769 seconds .

========================================================================
Received Import Request.
  Time since last request: 26.616663 seconds.
  path: Assets/Udemy RPG Assets/Fonts/roboto 2
  artifactKey: Guid(42278b9339667402e8769379715baeb8) Importer(815301076,1909f56bfc062723c751e8b465ee728b)
Start importing Assets/Udemy RPG Assets/Fonts/roboto 2 using Guid(42278b9339667402e8769379715baeb8) Importer(815301076,1909f56bfc062723c751e8b465ee728b)  -> (artifact id: 'fc142b5c8f8d2bf22c7790d5eb95bbb8') in 0.002636 seconds
  Import took 0.014346 seconds .

========================================================================
Received Import Request.
  Time since last request: 0.002278 seconds.
  path: Assets/Udemy RPG Assets/Fonts/roboto 2
  artifactKey: Guid(42278b9339667402e8769379715baeb8) Importer(815301076,1909f56bfc062723c751e8b465ee728b)
Start importing Assets/Udemy RPG Assets/Fonts/roboto 2 using Guid(42278b9339667402e8769379715baeb8) Importer(815301076,1909f56bfc062723c751e8b465ee728b)  -> (artifact id: 'fc142b5c8f8d2bf22c7790d5eb95bbb8') in 0.002493 seconds
  Import took 0.013230 seconds .

========================================================================
Received Import Request.
  Time since last request: 1.028011 seconds.
  path: Assets/Udemy RPG Assets/Fonts/roboto 2/Roboto_Specimen_Book.pdf
  artifactKey: Guid(78366f972529a425a87d5980ab8f7e6c) Importer(815301076,1909f56bfc062723c751e8b465ee728b)
Start importing Assets/Udemy RPG Assets/Fonts/roboto 2/Roboto_Specimen_Book.pdf using Guid(78366f972529a425a87d5980ab8f7e6c) Importer(815301076,1909f56bfc062723c751e8b465ee728b)  -> (artifact id: '3d27f109a39d3b4941c70c49e86c7ba1') in 0.477931 seconds
  Import took 0.483292 seconds .

========================================================================
Received Import Request.
  Time since last request: 41.213209 seconds.
  path: Assets/Udemy RPG Assets/Fonts/roboto 2/Roboto-Black.ttf
  artifactKey: Guid(e3c57067115c14ebb93fb8b6193214d1) Importer(815301076,1909f56bfc062723c751e8b465ee728b)
Start importing Assets/Udemy RPG Assets/Fonts/roboto 2/Roboto-Black.ttf using Guid(e3c57067115c14ebb93fb8b6193214d1) Importer(815301076,1909f56bfc062723c751e8b465ee728b)  -> (artifact id: 'dcba56cfbb4b52300ea5830f094cf558') in 1.977266 seconds
  Import took 2.027736 seconds .

========================================================================
Received Import Request.
  Time since last request: 0.001214 seconds.
  path: Assets/Udemy RPG Assets/Fonts/roboto 2/Roboto-Medium.ttf
  artifactKey: Guid(4b54cb5a700ae49908c4a637aaaba216) Importer(815301076,1909f56bfc062723c751e8b465ee728b)
Start importing Assets/Udemy RPG Assets/Fonts/roboto 2/Roboto-Medium.ttf using Guid(4b54cb5a700ae49908c4a637aaaba216) Importer(815301076,1909f56bfc062723c751e8b465ee728b)  -> (artifact id: '37b5714246f83bf9901f06774c1ad150') in 0.019498 seconds
  Import took 0.026661 seconds .

========================================================================
Received Import Request.
  Time since last request: 0.000350 seconds.
  path: Assets/Udemy RPG Assets/Fonts/roboto 2/Roboto-Regular.ttf
  artifactKey: Guid(b66e18e8a1c954bc3a5a7f634f382323) Importer(815301076,1909f56bfc062723c751e8b465ee728b)
Start importing Assets/Udemy RPG Assets/Fonts/roboto 2/Roboto-Regular.ttf using Guid(b66e18e8a1c954bc3a5a7f634f382323) Importer(815301076,1909f56bfc062723c751e8b465ee728b)  -> (artifact id: '8f0ecf5ab650e0b2a74f7fd830eef1a5') in 0.030633 seconds
  Import took 0.039229 seconds .

========================================================================
Received Import Request.
  Time since last request: 0.000359 seconds.
  path: Assets/Udemy RPG Assets/Fonts/roboto 2/Roboto-Thin.ttf
  artifactKey: Guid(230d4ce5c712e4c45bc18fea69463008) Importer(815301076,1909f56bfc062723c751e8b465ee728b)
Start importing Assets/Udemy RPG Assets/Fonts/roboto 2/Roboto-Thin.ttf using Guid(230d4ce5c712e4c45bc18fea69463008) Importer(815301076,1909f56bfc062723c751e8b465ee728b)  -> (artifact id: '032120c4c87d70d9e6b8bbe22ca544d2') in 0.028524 seconds
  Import took 0.035644 seconds .

========================================================================
Received Import Request.
  Time since last request: 0.000340 seconds.
  path: Assets/Udemy RPG Assets/Fonts/roboto 2/Roboto-BlackItalic.ttf
  artifactKey: Guid(6ec30514da0b8444d9e1794aca10cd84) Importer(815301076,1909f56bfc062723c751e8b465ee728b)
Start importing Assets/Udemy RPG Assets/Fonts/roboto 2/Roboto-BlackItalic.ttf using Guid(6ec30514da0b8444d9e1794aca10cd84) Importer(815301076,1909f56bfc062723c751e8b465ee728b)  -> (artifact id: '4cca605581c508cec88bc1faf0e538ce') in 0.019674 seconds
  Import took 0.031637 seconds .

========================================================================
Received Import Request.
  Time since last request: 0.000395 seconds.
  path: Assets/Udemy RPG Assets/Fonts/roboto 2/Roboto-Condensed.ttf
  artifactKey: Guid(c9955b1fecf9a469b9c06f92aab48453) Importer(815301076,1909f56bfc062723c751e8b465ee728b)
Start importing Assets/Udemy RPG Assets/Fonts/roboto 2/Roboto-Condensed.ttf using Guid(c9955b1fecf9a469b9c06f92aab48453) Importer(815301076,1909f56bfc062723c751e8b465ee728b)  -> (artifact id: '5d4d63c20d2935e559d5dda6a212e580') in 0.022743 seconds
  Import took 0.032767 seconds .

========================================================================
Received Import Request.
  Time since last request: 0.001013 seconds.
  path: Assets/Udemy RPG Assets/Fonts/roboto 2/Roboto-LightItalic.ttf
  artifactKey: Guid(2c15a3aa9934845bfb264056f8ffee4b) Importer(815301076,1909f56bfc062723c751e8b465ee728b)
Start importing Assets/Udemy RPG Assets/Fonts/roboto 2/Roboto-LightItalic.ttf using Guid(2c15a3aa9934845bfb264056f8ffee4b) Importer(815301076,1909f56bfc062723c751e8b465ee728b)  -> (artifact id: 'c589dba7787a7812f5e93e7da6e2f96a') in 0.038762 seconds
  Import took 0.045780 seconds .

========================================================================
Received Import Request.
  Time since last request: 0.000359 seconds.
  path: Assets/Udemy RPG Assets/Fonts/roboto 2/Roboto-ThinItalic.ttf
  artifactKey: Guid(4dfb1be095f7d4f82a6ea047d84ec878) Importer(815301076,1909f56bfc062723c751e8b465ee728b)
Start importing Assets/Udemy RPG Assets/Fonts/roboto 2/Roboto-ThinItalic.ttf using Guid(4dfb1be095f7d4f82a6ea047d84ec878) Importer(815301076,1909f56bfc062723c751e8b465ee728b)  -> (artifact id: 'c0393d1689f126144c044b7dd36c48c4') in 0.054706 seconds
  Import took 0.076016 seconds .

========================================================================
Received Import Request.
  Time since last request: 0.000308 seconds.
  path: Assets/Udemy RPG Assets/Fonts/roboto 2/Roboto-Light.ttf
  artifactKey: Guid(91e69f01c6bdb43698a6cc3d7db089e4) Importer(815301076,1909f56bfc062723c751e8b465ee728b)
Start importing Assets/Udemy RPG Assets/Fonts/roboto 2/Roboto-Light.ttf using Guid(91e69f01c6bdb43698a6cc3d7db089e4) Importer(815301076,1909f56bfc062723c751e8b465ee728b)  -> (artifact id: 'be89bdb1bd8cf1e6b6aae7700d572cf7') in 0.025968 seconds
  Import took 0.037061 seconds .

========================================================================
Received Import Request.
  Time since last request: 0.001157 seconds.
  path: Assets/Udemy RPG Assets/Fonts/roboto 2/Roboto-Bold.ttf
  artifactKey: Guid(94353fcca6a7146f0832545aa08b83a4) Importer(815301076,1909f56bfc062723c751e8b465ee728b)
Start importing Assets/Udemy RPG Assets/Fonts/roboto 2/Roboto-Bold.ttf using Guid(94353fcca6a7146f0832545aa08b83a4) Importer(815301076,1909f56bfc062723c751e8b465ee728b)  -> (artifact id: 'b9fae425a7769bad5380736451f1999d') in 0.028131 seconds
  Import took 0.037433 seconds .

========================================================================
Received Import Request.
  Time since last request: 0.001806 seconds.
  path: Assets/Udemy RPG Assets/Fonts/roboto 2/Roboto-Italic.ttf
  artifactKey: Guid(347ff79a8eb0243e8be5752f2387def8) Importer(815301076,1909f56bfc062723c751e8b465ee728b)
Start importing Assets/Udemy RPG Assets/Fonts/roboto 2/Roboto-Italic.ttf using Guid(347ff79a8eb0243e8be5752f2387def8) Importer(815301076,1909f56bfc062723c751e8b465ee728b)  -> (artifact id: '533e79bac246b2abe3ecbef75c5808af') in 0.018049 seconds
  Import took 0.031145 seconds .

========================================================================
Received Import Request.
  Time since last request: 0.000574 seconds.
  path: Assets/Udemy RPG Assets/Fonts/roboto 2/Roboto-MediumItalic.ttf
  artifactKey: Guid(a35b4ed14d93e43b59111a0723f59bf4) Importer(815301076,1909f56bfc062723c751e8b465ee728b)
Start importing Assets/Udemy RPG Assets/Fonts/roboto 2/Roboto-MediumItalic.ttf using Guid(a35b4ed14d93e43b59111a0723f59bf4) Importer(815301076,1909f56bfc062723c751e8b465ee728b)  -> (artifact id: '93d13ab8caf980d17f24662009b7360d') in 0.026948 seconds
  Import took 0.037358 seconds .

========================================================================
Received Import Request.
  Time since last request: 0.001450 seconds.
  path: Assets/Udemy RPG Assets/Fonts/roboto 2/Roboto-BoldCondensedItalic.ttf
  artifactKey: Guid(1c6afd1de874e4f508a59749bfacff44) Importer(815301076,1909f56bfc062723c751e8b465ee728b)
Start importing Assets/Udemy RPG Assets/Fonts/roboto 2/Roboto-BoldCondensedItalic.ttf using Guid(1c6afd1de874e4f508a59749bfacff44) Importer(815301076,1909f56bfc062723c751e8b465ee728b)  -> (artifact id: '88326a08375d68c2f6d767ae12bc6a84') in 0.029755 seconds
  Import took 0.040349 seconds .

========================================================================
Received Import Request.
  Time since last request: 0.000328 seconds.
  path: Assets/Udemy RPG Assets/Fonts/roboto 2/Roboto-BoldItalic.ttf
  artifactKey: Guid(280c21a1f875b444098869bec00e7ba7) Importer(815301076,1909f56bfc062723c751e8b465ee728b)
Start importing Assets/Udemy RPG Assets/Fonts/roboto 2/Roboto-BoldItalic.ttf using Guid(280c21a1f875b444098869bec00e7ba7) Importer(815301076,1909f56bfc062723c751e8b465ee728b)  -> (artifact id: '073b60eb58b1e71876c35f440da599cb') in 0.039336 seconds
  Import took 0.046053 seconds .

========================================================================
Received Import Request.
  Time since last request: 0.000666 seconds.
  path: Assets/Udemy RPG Assets/Fonts/roboto 2/Roboto-CondensedItalic.ttf
  artifactKey: Guid(1fd8c9b25b7de4b0f9f8e9cb914b2231) Importer(815301076,1909f56bfc062723c751e8b465ee728b)
Start importing Assets/Udemy RPG Assets/Fonts/roboto 2/Roboto-CondensedItalic.ttf using Guid(1fd8c9b25b7de4b0f9f8e9cb914b2231) Importer(815301076,1909f56bfc062723c751e8b465ee728b)  -> (artifact id: '1e92b9f151ee5f37cd05c3fde682bc0c') in 0.036234 seconds
  Import took 0.072097 seconds .

========================================================================
Received Import Request.
  Time since last request: 0.000386 seconds.
  path: Assets/Udemy RPG Assets/Fonts/roboto 2/Roboto-BoldCondensed.ttf
  artifactKey: Guid(02a6c1bb661cb4903bb8f235fafcad62) Importer(815301076,1909f56bfc062723c751e8b465ee728b)
Start importing Assets/Udemy RPG Assets/Fonts/roboto 2/Roboto-BoldCondensed.ttf using Guid(02a6c1bb661cb4903bb8f235fafcad62) Importer(815301076,1909f56bfc062723c751e8b465ee728b)  -> (artifact id: 'fe00b0bbe22c434c93d17ea9a5b65a90') in 0.028168 seconds
  Import took 0.035979 seconds .

========================================================================
Received Prepare
Registering precompiled user dll's ...
Registered in 0.004357 seconds.
Begin MonoManager ReloadAssembly
Native extension for WindowsStandalone target not found
Native extension for OSXStandalone target not found
Native extension for WebGL target not found
Refreshing native plugins compatible for Editor in 0.80 ms, found 1 plugins.
Preloading 0 native plugins for Editor in 0.00 ms.
Invoked RoslynAnalysisRunner static constructor.
RoslynAnalysisRunner will not be running.
RoslynAnalysisRunner has terminated.
Mono: successfully reloaded assembly
- Completed reload, in  1.640 seconds
Platform modules already initialized, skipping
Switching build target platform(2) subTarget(0) extendedPlatform(0) -> platform(9) subTarget(16777218) extendedPlatform(0)
Refreshing native plugins compatible for Editor in 0.70 ms, found 1 plugins.
Preloading 0 native plugins for Editor in 0.00 ms.
Unloading 1523 Unused Serialized files (Serialized files now loaded: 0)
System memory in use before: 144.2 MB.
System memory in use after: 144.3 MB.

Unloading 22 unused Assets to reduce memory usage. Loaded Objects now: 2014.
Total: 2.707569 ms (FindLiveObjects: 0.323610 ms CreateObjectMapping: 0.079387 ms MarkObjects: 2.202719 ms  DeleteObjects: 0.099564 ms)

AssetImportParameters requested are different than current active one (requested -> active):
  custom:graphics/normal-map-encoding: 01000000000000000000000000000000 -> 02000000000000000000000000000000
========================================================================
Received Prepare
Registering precompiled user dll's ...
Registered in 0.001704 seconds.
Begin MonoManager ReloadAssembly
Native extension for WindowsStandalone target not found
Native extension for OSXStandalone target not found
Native extension for WebGL target not found
Refreshing native plugins compatible for Editor in 1.67 ms, found 1 plugins.
Preloading 0 native plugins for Editor in 0.00 ms.
Invoked RoslynAnalysisRunner static constructor.
RoslynAnalysisRunner will not be running.
RoslynAnalysisRunner has terminated.
Mono: successfully reloaded assembly
- Completed reload, in  1.584 seconds
Platform modules already initialized, skipping
Switching build target platform(2) subTarget(0) extendedPlatform(0) -> platform(9) subTarget(16777218) extendedPlatform(0)
Refreshing native plugins compatible for Editor in 0.69 ms, found 1 plugins.
Preloading 0 native plugins for Editor in 0.00 ms.
Unloading 1523 Unused Serialized files (Serialized files now loaded: 0)
System memory in use before: 144.5 MB.
System memory in use after: 144.6 MB.

Unloading 22 unused Assets to reduce memory usage. Loaded Objects now: 2016.
Total: 3.264671 ms (FindLiveObjects: 0.322965 ms CreateObjectMapping: 0.180235 ms MarkObjects: 2.718819 ms  DeleteObjects: 0.040120 ms)

AssetImportParameters requested are different than current active one (requested -> active):
  custom:graphics/normal-map-encoding: 01000000000000000000000000000000 -> 02000000000000000000000000000000
========================================================================
Received Prepare
Registering precompiled user dll's ...
Registered in 0.003938 seconds.
Begin MonoManager ReloadAssembly
Native extension for WindowsStandalone target not found
Native extension for OSXStandalone target not found
Native extension for WebGL target not found
Refreshing native plugins compatible for Editor in 0.73 ms, found 1 plugins.
Preloading 0 native plugins for Editor in 0.00 ms.
Invoked RoslynAnalysisRunner static constructor.
RoslynAnalysisRunner will not be running.
RoslynAnalysisRunner has terminated.
Mono: successfully reloaded assembly
- Completed reload, in  1.606 seconds
Platform modules already initialized, skipping
Switching build target platform(2) subTarget(0) extendedPlatform(0) -> platform(9) subTarget(16777218) extendedPlatform(0)
Refreshing native plugins compatible for Editor in 0.68 ms, found 1 plugins.
Preloading 0 native plugins for Editor in 0.00 ms.
Unloading 1523 Unused Serialized files (Serialized files now loaded: 0)
System memory in use before: 144.8 MB.
System memory in use after: 144.9 MB.

Unloading 22 unused Assets to reduce memory usage. Loaded Objects now: 2018.
Total: 2.907633 ms (FindLiveObjects: 0.297607 ms CreateObjectMapping: 0.072023 ms MarkObjects: 2.484798 ms  DeleteObjects: 0.051042 ms)

AssetImportParameters requested are different than current active one (requested -> active):
  custom:graphics/normal-map-encoding: 01000000000000000000000000000000 -> 02000000000000000000000000000000
========================================================================
Received Prepare
Registering precompiled user dll's ...
Registered in 0.002060 seconds.
Begin MonoManager ReloadAssembly
Native extension for WindowsStandalone target not found
Native extension for OSXStandalone target not found
Native extension for WebGL target not found
Refreshing native plugins compatible for Editor in 0.71 ms, found 1 plugins.
Preloading 0 native plugins for Editor in 0.00 ms.
Invoked RoslynAnalysisRunner static constructor.
RoslynAnalysisRunner will not be running.
RoslynAnalysisRunner has terminated.
Mono: successfully reloaded assembly
- Completed reload, in  1.832 seconds
Platform modules already initialized, skipping
Switching build target platform(2) subTarget(0) extendedPlatform(0) -> platform(9) subTarget(16777218) extendedPlatform(0)
Refreshing native plugins compatible for Editor in 0.75 ms, found 1 plugins.
Preloading 0 native plugins for Editor in 0.00 ms.
Unloading 1523 Unused Serialized files (Serialized files now loaded: 0)
System memory in use before: 145.1 MB.
System memory in use after: 145.2 MB.

Unloading 22 unused Assets to reduce memory usage. Loaded Objects now: 2020.
Total: 3.105212 ms (FindLiveObjects: 0.541570 ms CreateObjectMapping: 0.126469 ms MarkObjects: 2.392979 ms  DeleteObjects: 0.040276 ms)

AssetImportParameters requested are different than current active one (requested -> active):
  custom:graphics/normal-map-encoding: 01000000000000000000000000000000 -> 02000000000000000000000000000000
========================================================================
Received Prepare
Registering precompiled user dll's ...
Registered in 0.001416 seconds.
Begin MonoManager ReloadAssembly
Native extension for WindowsStandalone target not found
Native extension for OSXStandalone target not found
Native extension for WebGL target not found
Refreshing native plugins compatible for Editor in 0.70 ms, found 1 plugins.
Preloading 0 native plugins for Editor in 0.00 ms.
Invoked RoslynAnalysisRunner static constructor.
RoslynAnalysisRunner will not be running.
RoslynAnalysisRunner has terminated.
Mono: successfully reloaded assembly
- Completed reload, in  1.403 seconds
Platform modules already initialized, skipping
Switching build target platform(2) subTarget(0) extendedPlatform(0) -> platform(9) subTarget(16777218) extendedPlatform(0)
Refreshing native plugins compatible for Editor in 1.28 ms, found 1 plugins.
Preloading 0 native plugins for Editor in 0.00 ms.
Unloading 1523 Unused Serialized files (Serialized files now loaded: 0)
System memory in use before: 145.5 MB.
System memory in use after: 145.5 MB.

Unloading 22 unused Assets to reduce memory usage. Loaded Objects now: 2022.
Total: 2.460625 ms (FindLiveObjects: 0.274757 ms CreateObjectMapping: 0.072575 ms MarkObjects: 2.083547 ms  DeleteObjects: 0.027762 ms)

AssetImportParameters requested are different than current active one (requested -> active):
  custom:graphics/normal-map-encoding: 01000000000000000000000000000000 -> 02000000000000000000000000000000
========================================================================
Received Prepare
Registering precompiled user dll's ...
Registered in 0.001643 seconds.
Begin MonoManager ReloadAssembly
Native extension for WindowsStandalone target not found
Native extension for OSXStandalone target not found
Native extension for WebGL target not found
Refreshing native plugins compatible for Editor in 0.65 ms, found 1 plugins.
Preloading 0 native plugins for Editor in 0.00 ms.
Invoked RoslynAnalysisRunner static constructor.
RoslynAnalysisRunner will not be running.
RoslynAnalysisRunner has terminated.
Mono: successfully reloaded assembly
- Completed reload, in  1.834 seconds
Platform modules already initialized, skipping
Switching build target platform(2) subTarget(0) extendedPlatform(0) -> platform(9) subTarget(16777218) extendedPlatform(0)
Refreshing native plugins compatible for Editor in 0.68 ms, found 1 plugins.
Preloading 0 native plugins for Editor in 0.00 ms.
Unloading 1523 Unused Serialized files (Serialized files now loaded: 0)
System memory in use before: 145.8 MB.
System memory in use after: 145.9 MB.

Unloading 22 unused Assets to reduce memory usage. Loaded Objects now: 2024.
Total: 8.485101 ms (FindLiveObjects: 1.093292 ms CreateObjectMapping: 0.143480 ms MarkObjects: 7.175232 ms  DeleteObjects: 0.071005 ms)

AssetImportParameters requested are different than current active one (requested -> active):
  custom:graphics/normal-map-encoding: 01000000000000000000000000000000 -> 02000000000000000000000000000000
========================================================================
Received Prepare
Registering precompiled user dll's ...
Registered in 0.003686 seconds.
Begin MonoManager ReloadAssembly
Native extension for WindowsStandalone target not found
Native extension for OSXStandalone target not found
Native extension for WebGL target not found
Refreshing native plugins compatible for Editor in 0.63 ms, found 1 plugins.
Preloading 0 native plugins for Editor in 0.00 ms.
Invoked RoslynAnalysisRunner static constructor.
RoslynAnalysisRunner will not be running.
RoslynAnalysisRunner has terminated.
Mono: successfully reloaded assembly
- Completed reload, in  1.631 seconds
Platform modules already initialized, skipping
Switching build target platform(2) subTarget(0) extendedPlatform(0) -> platform(9) subTarget(16777218) extendedPlatform(0)
Refreshing native plugins compatible for Editor in 0.62 ms, found 1 plugins.
Preloading 0 native plugins for Editor in 0.00 ms.
Unloading 1523 Unused Serialized files (Serialized files now loaded: 0)
System memory in use before: 146.1 MB.
System memory in use after: 146.2 MB.

Unloading 22 unused Assets to reduce memory usage. Loaded Objects now: 2026.
Total: 2.731948 ms (FindLiveObjects: 0.393807 ms CreateObjectMapping: 0.078840 ms MarkObjects: 2.218974 ms  DeleteObjects: 0.036513 ms)

AssetImportParameters requested are different than current active one (requested -> active):
  custom:graphics/normal-map-encoding: 01000000000000000000000000000000 -> 02000000000000000000000000000000
========================================================================
Received Prepare
Registering precompiled user dll's ...
Registered in 0.001317 seconds.
Begin MonoManager ReloadAssembly
Native extension for WindowsStandalone target not found
Native extension for OSXStandalone target not found
Native extension for WebGL target not found
Refreshing native plugins compatible for Editor in 0.82 ms, found 1 plugins.
Preloading 0 native plugins for Editor in 0.00 ms.
Invoked RoslynAnalysisRunner static constructor.
RoslynAnalysisRunner will not be running.
RoslynAnalysisRunner has terminated.
Mono: successfully reloaded assembly
- Completed reload, in  1.478 seconds
Platform modules already initialized, skipping
Switching build target platform(2) subTarget(0) extendedPlatform(0) -> platform(9) subTarget(16777218) extendedPlatform(0)
Refreshing native plugins compatible for Editor in 0.64 ms, found 1 plugins.
Preloading 0 native plugins for Editor in 0.00 ms.
Unloading 1523 Unused Serialized files (Serialized files now loaded: 0)
System memory in use before: 146.4 MB.
System memory in use after: 146.5 MB.

Unloading 22 unused Assets to reduce memory usage. Loaded Objects now: 2028.
Total: 2.300127 ms (FindLiveObjects: 0.294095 ms CreateObjectMapping: 0.082840 ms MarkObjects: 1.897059 ms  DeleteObjects: 0.024364 ms)

AssetImportParameters requested are different than current active one (requested -> active):
  custom:graphics/normal-map-encoding: 01000000000000000000000000000000 -> 02000000000000000000000000000000
