Using pre-set license

 COMMAND LINE ARGUMENTS:
/Applications/Unity/Hub/Editor/2020.2.2f1/Unity.app/Contents/MacOS/Unity
-adb2
-batchMode
-noUpm
-name
AssetImportWorker0
-projectPath
/Users/samfoit/Desktop/Unity/DailyQuest
-logFile
Logs/AssetImportWorker0.log
-srvPort
60951
Successfully changed project path to: /Users/samfoit/Desktop/Unity/DailyQuest
/Users/samfoit/Desktop/Unity/DailyQuest
Using Asset Import Pipeline V2.
Refreshing native plugins compatible for Editor in 530.30 ms, found 1 plugins.
Preloading 0 native plugins for Editor in 0.00 ms.
Initialize engine version: 2020.2.2f1 (068178b99f32)
[Subsystems] Discovering subsystems at path /Applications/Unity/Hub/Editor/2020.2.2f1/Unity.app/Contents/Resources/UnitySubsystems
[Subsystems] Discovering subsystems at path /Users/samfoit/Desktop/Unity/DailyQuest/Assets
GfxDevice: creating device client; threaded=0
2021-04-05 09:29:36.763 Unity[13787:3965501] Color LCD preferred device: Intel Iris Graphics (low power)
2021-04-05 09:29:36.763 Unity[13787:3965501] Metal devices available: 1
2021-04-05 09:29:36.763 Unity[13787:3965501] 0: Intel Iris Graphics (low power)
2021-04-05 09:29:36.764 Unity[13787:3965501] Using device Intel Iris Graphics (low power)
Initializing Metal device caps: Intel Iris Graphics
Initialize mono
Mono path[0] = '/Applications/Unity/Hub/Editor/2020.2.2f1/Unity.app/Contents/Managed'
Mono path[1] = '/Applications/Unity/Hub/Editor/2020.2.2f1/Unity.app/Contents/MonoBleedingEdge/lib/mono/unityjit'
Mono config path = '/Applications/Unity/Hub/Editor/2020.2.2f1/Unity.app/Contents/MonoBleedingEdge/etc'
Using monoOptions --debugger-agent=transport=dt_socket,embedding=1,server=y,suspend=n,address=127.0.0.1:56787
Begin MonoManager ReloadAssembly
Registering precompiled unity dll's ...
Register platform support module: /Applications/Unity/Hub/Editor/2020.2.2f1/PlaybackEngines/WebGLSupport/UnityEditor.WebGL.Extensions.dll
Register platform support module: /Applications/Unity/Hub/Editor/2020.2.2f1/Unity.app/Contents/PlaybackEngines/MacStandaloneSupport/UnityEditor.OSXStandalone.Extensions.dll
Register platform support module: /Applications/Unity/Hub/Editor/2020.2.2f1/PlaybackEngines/WindowsStandaloneSupport/UnityEditor.WindowsStandalone.Extensions.dll
Registered in 0.004876 seconds.
Native extension for WindowsStandalone target not found
Native extension for OSXStandalone target not found
Native extension for WebGL target not found
Refreshing native plugins compatible for Editor in 72.22 ms, found 1 plugins.
Preloading 0 native plugins for Editor in 0.00 ms.
Invoked RoslynAnalysisRunner static constructor.
RoslynAnalysisRunner will not be running.
RoslynAnalysisRunner has terminated.
Mono: successfully reloaded assembly
- Completed reload, in  7.571 seconds
Platform modules already initialized, skipping
Registering precompiled user dll's ...
Registered in 0.004764 seconds.
Begin MonoManager ReloadAssembly
Native extension for WindowsStandalone target not found
Native extension for OSXStandalone target not found
Native extension for WebGL target not found
Refreshing native plugins compatible for Editor in 0.95 ms, found 1 plugins.
Preloading 0 native plugins for Editor in 0.00 ms.
Invoked RoslynAnalysisRunner static constructor.
RoslynAnalysisRunner will not be running.
RoslynAnalysisRunner has terminated.
Mono: successfully reloaded assembly
- Completed reload, in  1.664 seconds
Platform modules already initialized, skipping
========================================================================
Worker process is ready to serve import requests
Launching external process: /Applications/Unity/Hub/Editor/2020.2.2f1/Unity.app/Contents/Tools/UnityShaderCompiler
Launched and connected shader compiler UnityShaderCompiler after 0.05 seconds
Refreshing native plugins compatible for Editor in 0.66 ms, found 1 plugins.
Preloading 0 native plugins for Editor in 0.00 ms.
Unloading 1547 Unused Serialized files (Serialized files now loaded: 0)
System memory in use before: 128.8 MB.
System memory in use after: 128.9 MB.

Unloading 31 unused Assets to reduce memory usage. Loaded Objects now: 1982.
Total: 10.287842 ms (FindLiveObjects: 0.758073 ms CreateObjectMapping: 0.164825 ms MarkObjects: 8.652214 ms  DeleteObjects: 0.709950 ms)

========================================================================
Received Import Request.
  path: Assets/Scripts/Player/DeathScreen.cs
  artifactKey: Guid(73a5238e0311c42acb59099cd6917ae3) Importer(815301076,1909f56bfc062723c751e8b465ee728b)
Start importing Assets/Scripts/Player/DeathScreen.cs using Guid(73a5238e0311c42acb59099cd6917ae3) Importer(815301076,1909f56bfc062723c751e8b465ee728b)  -> (artifact id: '3c3e1bf15c6281ef4d1e75df99142c32') in 1.317756 seconds
  Import took 1.327955 seconds .

========================================================================
Received Prepare
Registering precompiled user dll's ...
Registered in 0.001794 seconds.
Begin MonoManager ReloadAssembly
Native extension for WindowsStandalone target not found
Native extension for OSXStandalone target not found
Native extension for WebGL target not found
Refreshing native plugins compatible for Editor in 0.69 ms, found 1 plugins.
Preloading 0 native plugins for Editor in 0.00 ms.
Invoked RoslynAnalysisRunner static constructor.
RoslynAnalysisRunner will not be running.
RoslynAnalysisRunner has terminated.
Mono: successfully reloaded assembly
- Completed reload, in  1.678 seconds
Platform modules already initialized, skipping
Switching build target platform(2) subTarget(0) extendedPlatform(0) -> platform(9) subTarget(16777218) extendedPlatform(0)
Refreshing native plugins compatible for Editor in 0.82 ms, found 1 plugins.
Preloading 0 native plugins for Editor in 0.00 ms.
Unloading 1532 Unused Serialized files (Serialized files now loaded: 0)
System memory in use before: 131.9 MB.
System memory in use after: 132.0 MB.

Unloading 22 unused Assets to reduce memory usage. Loaded Objects now: 1985.
Total: 8.985427 ms (FindLiveObjects: 1.422645 ms CreateObjectMapping: 0.276343 ms MarkObjects: 7.225168 ms  DeleteObjects: 0.058415 ms)

AssetImportParameters requested are different than current active one (requested -> active):
  custom:graphics/normal-map-encoding: 01000000000000000000000000000000 -> 02000000000000000000000000000000
========================================================================
Received Import Request.
  Time since last request: 815.360883 seconds.
  path: Assets/Prefabs/Enemies/Loot_Swipe.anim
  artifactKey: Guid(1c42c214012de4c0ea1d7091000f22e2) Importer(815301076,1909f56bfc062723c751e8b465ee728b)
Start importing Assets/Prefabs/Enemies/Loot_Swipe.anim using Guid(1c42c214012de4c0ea1d7091000f22e2) Importer(815301076,1909f56bfc062723c751e8b465ee728b)  -> (artifact id: 'bf75145e6bb010f32b18a0f47423816f') in 1.234016 seconds
  Import took 1.275443 seconds .

========================================================================
Received Import Request.
  Time since last request: 55.515561 seconds.
  path: Assets/Animation/Swipe_Down.anim
  artifactKey: Guid(895310232b301457295a14de958098f9) Importer(815301076,1909f56bfc062723c751e8b465ee728b)
Start importing Assets/Animation/Swipe_Down.anim using Guid(895310232b301457295a14de958098f9) Importer(815301076,1909f56bfc062723c751e8b465ee728b)  -> (artifact id: '7643ea1d7290ecbf4a56193669d27ba7') in 0.017516 seconds
  Import took 0.031828 seconds .

========================================================================
Received Import Request.
  Time since last request: 0.016449 seconds.
  path: Assets/Animation/Swipe_Down.anim
  artifactKey: Guid(895310232b301457295a14de958098f9) Importer(815301076,1909f56bfc062723c751e8b465ee728b)
Start importing Assets/Animation/Swipe_Down.anim using Guid(895310232b301457295a14de958098f9) Importer(815301076,1909f56bfc062723c751e8b465ee728b)  -> (artifact id: '7643ea1d7290ecbf4a56193669d27ba7') in 0.008659 seconds
  Import took 0.017038 seconds .

========================================================================
Received Import Request.
  Time since last request: 5.591873 seconds.
  path: Assets/UI/Phone_Orientation.anim
  artifactKey: Guid(a7623c7b0136347aab0bf8640bc310d8) Importer(815301076,1909f56bfc062723c751e8b465ee728b)
Start importing Assets/UI/Phone_Orientation.anim using Guid(a7623c7b0136347aab0bf8640bc310d8) Importer(815301076,1909f56bfc062723c751e8b465ee728b)  -> (artifact id: '5470313a09ad01495ba753d2c945666b') in 0.017023 seconds
  Import took 0.026383 seconds .

========================================================================
Received Import Request.
  Time since last request: 0.030146 seconds.
  path: Assets/UI/Phone_Orientation.anim
  artifactKey: Guid(a7623c7b0136347aab0bf8640bc310d8) Importer(815301076,1909f56bfc062723c751e8b465ee728b)
Start importing Assets/UI/Phone_Orientation.anim using Guid(a7623c7b0136347aab0bf8640bc310d8) Importer(815301076,1909f56bfc062723c751e8b465ee728b)  -> (artifact id: '5470313a09ad01495ba753d2c945666b') in 0.007996 seconds
  Import took 0.014003 seconds .

========================================================================
Received Prepare
Registering precompiled user dll's ...
Registered in 0.003890 seconds.
Begin MonoManager ReloadAssembly
Native extension for WindowsStandalone target not found
Native extension for OSXStandalone target not found
Native extension for WebGL target not found
Refreshing native plugins compatible for Editor in 0.70 ms, found 1 plugins.
Preloading 0 native plugins for Editor in 0.00 ms.
Invoked RoslynAnalysisRunner static constructor.
RoslynAnalysisRunner will not be running.
RoslynAnalysisRunner has terminated.
Mono: successfully reloaded assembly
- Completed reload, in  1.713 seconds
Platform modules already initialized, skipping
Switching build target platform(2) subTarget(0) extendedPlatform(0) -> platform(9) subTarget(16777218) extendedPlatform(0)
Refreshing native plugins compatible for Editor in 0.75 ms, found 1 plugins.
Preloading 0 native plugins for Editor in 0.00 ms.
Unloading 1531 Unused Serialized files (Serialized files now loaded: 0)
System memory in use before: 136.5 MB.
System memory in use after: 136.5 MB.

Unloading 22 unused Assets to reduce memory usage. Loaded Objects now: 1987.
Total: 2.614781 ms (FindLiveObjects: 0.292611 ms CreateObjectMapping: 0.086943 ms MarkObjects: 2.180336 ms  DeleteObjects: 0.051870 ms)

AssetImportParameters requested are different than current active one (requested -> active):
  custom:graphics/normal-map-encoding: 01000000000000000000000000000000 -> 02000000000000000000000000000000
========================================================================
Received Import Request.
  Time since last request: 165.946799 seconds.
  path: Assets/Prefabs/Shots/EnemyShots/Goblin.prefab
  artifactKey: Guid(6f7880a9b67b644ea8cc734ef41ac4f7) Importer(815301076,1909f56bfc062723c751e8b465ee728b)
Start importing Assets/Prefabs/Shots/EnemyShots/Goblin.prefab using Guid(6f7880a9b67b644ea8cc734ef41ac4f7) Importer(815301076,1909f56bfc062723c751e8b465ee728b)  -> (artifact id: 'aa341cf6c21976d171564850233b30ad') in 1.237380 seconds
  Import took 1.276825 seconds .

========================================================================
Received Import Request.
  Time since last request: 163.603889 seconds.
  path: Assets/TutorialManager.cs
  artifactKey: Guid(abba1ba4b0823471d87af838bead442b) Importer(815301076,1909f56bfc062723c751e8b465ee728b)
Start importing Assets/TutorialManager.cs using Guid(abba1ba4b0823471d87af838bead442b) Importer(815301076,1909f56bfc062723c751e8b465ee728b)  -> (artifact id: 'f07d731a0dcbc02bf27a3670d8b4dcb4') in 0.013233 seconds
  Import took 0.040887 seconds .

========================================================================
Received Prepare
Registering precompiled user dll's ...
Registered in 0.001489 seconds.
Begin MonoManager ReloadAssembly
Native extension for WindowsStandalone target not found
Native extension for OSXStandalone target not found
Native extension for WebGL target not found
Refreshing native plugins compatible for Editor in 0.98 ms, found 1 plugins.
Preloading 0 native plugins for Editor in 0.00 ms.
Invoked RoslynAnalysisRunner static constructor.
RoslynAnalysisRunner will not be running.
RoslynAnalysisRunner has terminated.
Mono: successfully reloaded assembly
- Completed reload, in  1.840 seconds
Platform modules already initialized, skipping
Switching build target platform(2) subTarget(0) extendedPlatform(0) -> platform(9) subTarget(16777218) extendedPlatform(0)
Refreshing native plugins compatible for Editor in 0.76 ms, found 1 plugins.
Preloading 0 native plugins for Editor in 0.00 ms.
Unloading 1531 Unused Serialized files (Serialized files now loaded: 0)
System memory in use before: 144.4 MB.
System memory in use after: 144.5 MB.

Unloading 22 unused Assets to reduce memory usage. Loaded Objects now: 1996.
Total: 9.242938 ms (FindLiveObjects: 1.080803 ms CreateObjectMapping: 0.171480 ms MarkObjects: 7.893050 ms  DeleteObjects: 0.095181 ms)

AssetImportParameters requested are different than current active one (requested -> active):
  custom:graphics/normal-map-encoding: 01000000000000000000000000000000 -> 02000000000000000000000000000000
========================================================================
Received Import Request.
  Time since last request: 208.140098 seconds.
  path: Assets/TutorialManager.cs
  artifactKey: Guid(abba1ba4b0823471d87af838bead442b) Importer(815301076,1909f56bfc062723c751e8b465ee728b)
Start importing Assets/TutorialManager.cs using Guid(abba1ba4b0823471d87af838bead442b) Importer(815301076,1909f56bfc062723c751e8b465ee728b)  -> (artifact id: 'd2c35c493c800d4161dd1397e20a9c3d') in 0.024531 seconds
  Import took 0.034598 seconds .

========================================================================
Received Prepare
Registering precompiled user dll's ...
Registered in 0.003856 seconds.
Begin MonoManager ReloadAssembly
Native extension for WindowsStandalone target not found
Native extension for OSXStandalone target not found
Native extension for WebGL target not found
Refreshing native plugins compatible for Editor in 0.97 ms, found 1 plugins.
Preloading 0 native plugins for Editor in 0.00 ms.
Invoked RoslynAnalysisRunner static constructor.
RoslynAnalysisRunner will not be running.
RoslynAnalysisRunner has terminated.
Mono: successfully reloaded assembly
- Completed reload, in  2.075 seconds
Platform modules already initialized, skipping
Switching build target platform(2) subTarget(0) extendedPlatform(0) -> platform(9) subTarget(16777218) extendedPlatform(0)
Refreshing native plugins compatible for Editor in 0.77 ms, found 1 plugins.
Preloading 0 native plugins for Editor in 0.00 ms.
Unloading 1531 Unused Serialized files (Serialized files now loaded: 0)
System memory in use before: 144.7 MB.
System memory in use after: 144.8 MB.

Unloading 22 unused Assets to reduce memory usage. Loaded Objects now: 1998.
Total: 2.699016 ms (FindLiveObjects: 0.309205 ms CreateObjectMapping: 0.081820 ms MarkObjects: 2.252100 ms  DeleteObjects: 0.052856 ms)

AssetImportParameters requested are different than current active one (requested -> active):
  custom:graphics/normal-map-encoding: 01000000000000000000000000000000 -> 02000000000000000000000000000000
========================================================================
Received Prepare
Registering precompiled user dll's ...
Registered in 0.034182 seconds.
Begin MonoManager ReloadAssembly
Native extension for WindowsStandalone target not found
Native extension for OSXStandalone target not found
Native extension for WebGL target not found
Refreshing native plugins compatible for Editor in 0.95 ms, found 1 plugins.
Preloading 0 native plugins for Editor in 0.00 ms.
Invoked RoslynAnalysisRunner static constructor.
RoslynAnalysisRunner will not be running.
RoslynAnalysisRunner has terminated.
Mono: successfully reloaded assembly
- Completed reload, in  1.574 seconds
Platform modules already initialized, skipping
Switching build target platform(2) subTarget(0) extendedPlatform(0) -> platform(9) subTarget(16777218) extendedPlatform(0)
Refreshing native plugins compatible for Editor in 0.69 ms, found 1 plugins.
Preloading 0 native plugins for Editor in 0.00 ms.
Unloading 1531 Unused Serialized files (Serialized files now loaded: 0)
System memory in use before: 145.0 MB.
System memory in use after: 145.1 MB.

Unloading 22 unused Assets to reduce memory usage. Loaded Objects now: 2000.
Total: 3.482108 ms (FindLiveObjects: 0.422550 ms CreateObjectMapping: 0.150695 ms MarkObjects: 2.879593 ms  DeleteObjects: 0.027141 ms)

AssetImportParameters requested are different than current active one (requested -> active):
  custom:graphics/normal-map-encoding: 01000000000000000000000000000000 -> 02000000000000000000000000000000
========================================================================
Received Prepare
Registering precompiled user dll's ...
Registered in 0.004389 seconds.
Begin MonoManager ReloadAssembly
Native extension for WindowsStandalone target not found
Native extension for OSXStandalone target not found
Native extension for WebGL target not found
Refreshing native plugins compatible for Editor in 0.86 ms, found 1 plugins.
Preloading 0 native plugins for Editor in 0.00 ms.
Invoked RoslynAnalysisRunner static constructor.
RoslynAnalysisRunner will not be running.
RoslynAnalysisRunner has terminated.
Mono: successfully reloaded assembly
- Completed reload, in  1.706 seconds
Platform modules already initialized, skipping
Switching build target platform(2) subTarget(0) extendedPlatform(0) -> platform(9) subTarget(16777218) extendedPlatform(0)
Refreshing native plugins compatible for Editor in 0.91 ms, found 1 plugins.
Preloading 0 native plugins for Editor in 0.00 ms.
Unloading 1531 Unused Serialized files (Serialized files now loaded: 0)
System memory in use before: 145.3 MB.
System memory in use after: 145.4 MB.

Unloading 22 unused Assets to reduce memory usage. Loaded Objects now: 2002.
Total: 2.888741 ms (FindLiveObjects: 0.370813 ms CreateObjectMapping: 0.080347 ms MarkObjects: 2.381469 ms  DeleteObjects: 0.052409 ms)

AssetImportParameters requested are different than current active one (requested -> active):
  custom:graphics/normal-map-encoding: 01000000000000000000000000000000 -> 02000000000000000000000000000000
========================================================================
Received Import Request.
  Time since last request: 271.063393 seconds.
  path: Assets/Prefabs/Items/Loot Bag.prefab
  artifactKey: Guid(6bc5a13480b8a49c8828d463245757f3) Importer(815301076,1909f56bfc062723c751e8b465ee728b)
Start importing Assets/Prefabs/Items/Loot Bag.prefab using Guid(6bc5a13480b8a49c8828d463245757f3) Importer(815301076,1909f56bfc062723c751e8b465ee728b)  -> (artifact id: 'd54be721d273a6ea0918f4894510e3f8') in 0.151939 seconds
  Import took 0.157773 seconds .

========================================================================
Received Import Request.
  Time since last request: 9.195079 seconds.
  path: Assets/Scenes/Game.unity
  artifactKey: Guid(299886598208345afbc31d104dda4286) Importer(815301076,1909f56bfc062723c751e8b465ee728b)
Start importing Assets/Scenes/Game.unity using Guid(299886598208345afbc31d104dda4286) Importer(815301076,1909f56bfc062723c751e8b465ee728b)  -> (artifact id: '023be7ae9ddf65cdf6844990b6f3669d') in 0.004522 seconds
  Import took 0.011927 seconds .

========================================================================
Received Import Request.
  Time since last request: 0.002951 seconds.
  path: Assets/Scenes/Game.unity
  artifactKey: Guid(299886598208345afbc31d104dda4286) Importer(815301076,1909f56bfc062723c751e8b465ee728b)
Start importing Assets/Scenes/Game.unity using Guid(299886598208345afbc31d104dda4286) Importer(815301076,1909f56bfc062723c751e8b465ee728b)  -> (artifact id: '023be7ae9ddf65cdf6844990b6f3669d') in 0.003131 seconds
  Import took 0.013943 seconds .

========================================================================
Received Prepare
Registering precompiled user dll's ...
Registered in 0.005220 seconds.
Begin MonoManager ReloadAssembly
Native extension for WindowsStandalone target not found
Native extension for OSXStandalone target not found
Native extension for WebGL target not found
Refreshing native plugins compatible for Editor in 0.88 ms, found 1 plugins.
Preloading 0 native plugins for Editor in 0.00 ms.
Invoked RoslynAnalysisRunner static constructor.
RoslynAnalysisRunner will not be running.
RoslynAnalysisRunner has terminated.
Mono: successfully reloaded assembly
- Completed reload, in  1.712 seconds
Platform modules already initialized, skipping
Switching build target platform(2) subTarget(0) extendedPlatform(0) -> platform(9) subTarget(16777218) extendedPlatform(0)
Refreshing native plugins compatible for Editor in 0.69 ms, found 1 plugins.
Preloading 0 native plugins for Editor in 0.00 ms.
Unloading 1531 Unused Serialized files (Serialized files now loaded: 0)
System memory in use before: 145.7 MB.
System memory in use after: 145.8 MB.

Unloading 22 unused Assets to reduce memory usage. Loaded Objects now: 2005.
Total: 3.090136 ms (FindLiveObjects: 0.387200 ms CreateObjectMapping: 0.092233 ms MarkObjects: 2.574876 ms  DeleteObjects: 0.033684 ms)

AssetImportParameters requested are different than current active one (requested -> active):
  custom:graphics/normal-map-encoding: 01000000000000000000000000000000 -> 02000000000000000000000000000000
========================================================================
Received Import Request.
  Time since last request: 258.369148 seconds.
  path: Assets/Art/Wizard.png
  artifactKey: Guid(514259598e25f43d8a720ba30541b8d2) Importer(815301076,1909f56bfc062723c751e8b465ee728b)
Start importing Assets/Art/Wizard.png using Guid(514259598e25f43d8a720ba30541b8d2) Importer(815301076,1909f56bfc062723c751e8b465ee728b)  -> (artifact id: '6c325c2c5738052c18172b111fc3826c') in 1.702610 seconds
  Import took 1.750013 seconds .

========================================================================
Received Import Request.
  Time since last request: 14.257734 seconds.
  path: Assets/Art/Wizard.png
  artifactKey: Guid(514259598e25f43d8a720ba30541b8d2) Importer(815301076,1909f56bfc062723c751e8b465ee728b)
Start importing Assets/Art/Wizard.png using Guid(514259598e25f43d8a720ba30541b8d2) Importer(815301076,1909f56bfc062723c751e8b465ee728b)  -> (artifact id: '99d69221ffe8a44dad703353741cbf25') in 0.044203 seconds
  Import took 0.055222 seconds .

========================================================================
Received Import Request.
  Time since last request: 0.054949 seconds.
  path: Assets/Art/Wizard.png
  artifactKey: Guid(514259598e25f43d8a720ba30541b8d2) Importer(815301076,1909f56bfc062723c751e8b465ee728b)
Start importing Assets/Art/Wizard.png using Guid(514259598e25f43d8a720ba30541b8d2) Importer(815301076,1909f56bfc062723c751e8b465ee728b)  -> (artifact id: '99d69221ffe8a44dad703353741cbf25') in 0.044034 seconds
  Import took 0.054324 seconds .

========================================================================
Received Import Request.
  Time since last request: 4.945104 seconds.
  path: Assets/Art/Wizard.png
  artifactKey: Guid(514259598e25f43d8a720ba30541b8d2) Importer(815301076,1909f56bfc062723c751e8b465ee728b)
Start importing Assets/Art/Wizard.png using Guid(514259598e25f43d8a720ba30541b8d2) Importer(815301076,1909f56bfc062723c751e8b465ee728b)  -> (artifact id: 'd9fa29d1cf3c5194ad139c0df5168bd3') in 0.025188 seconds
  Import took 0.033409 seconds .

========================================================================
Received Import Request.
  Time since last request: 0.034111 seconds.
  path: Assets/Art/Wizard.png
  artifactKey: Guid(514259598e25f43d8a720ba30541b8d2) Importer(815301076,1909f56bfc062723c751e8b465ee728b)
Start importing Assets/Art/Wizard.png using Guid(514259598e25f43d8a720ba30541b8d2) Importer(815301076,1909f56bfc062723c751e8b465ee728b)  -> (artifact id: 'd9fa29d1cf3c5194ad139c0df5168bd3') in 0.035862 seconds
  Import took 0.047143 seconds .

========================================================================
Received Import Request.
  Time since last request: 12.331931 seconds.
  path: Assets/Art/Wizard.png
  artifactKey: Guid(514259598e25f43d8a720ba30541b8d2) Importer(815301076,1909f56bfc062723c751e8b465ee728b)
Start importing Assets/Art/Wizard.png using Guid(514259598e25f43d8a720ba30541b8d2) Importer(815301076,1909f56bfc062723c751e8b465ee728b)  -> (artifact id: '7ae8393be946ec4a692763c7f3b45d88') in 0.194533 seconds
  Import took 0.202228 seconds .

========================================================================
Received Prepare
Registering precompiled user dll's ...
Registered in 0.001645 seconds.
Begin MonoManager ReloadAssembly
Native extension for WindowsStandalone target not found
Native extension for OSXStandalone target not found
Native extension for WebGL target not found
Refreshing native plugins compatible for Editor in 0.76 ms, found 1 plugins.
Preloading 0 native plugins for Editor in 0.00 ms.
Invoked RoslynAnalysisRunner static constructor.
RoslynAnalysisRunner will not be running.
RoslynAnalysisRunner has terminated.
Mono: successfully reloaded assembly
- Completed reload, in  1.777 seconds
Platform modules already initialized, skipping
Switching build target platform(2) subTarget(0) extendedPlatform(0) -> platform(9) subTarget(16777218) extendedPlatform(0)
Refreshing native plugins compatible for Editor in 0.78 ms, found 1 plugins.
Preloading 0 native plugins for Editor in 0.00 ms.
Unloading 1531 Unused Serialized files (Serialized files now loaded: 0)
System memory in use before: 150.4 MB.
System memory in use after: 150.6 MB.

Unloading 22 unused Assets to reduce memory usage. Loaded Objects now: 2015.
Total: 9.329928 ms (FindLiveObjects: 1.342470 ms CreateObjectMapping: 0.222915 ms MarkObjects: 7.696613 ms  DeleteObjects: 0.065102 ms)

AssetImportParameters requested are different than current active one (requested -> active):
  custom:graphics/normal-map-encoding: 01000000000000000000000000000000 -> 02000000000000000000000000000000
========================================================================
Received Prepare
Registering precompiled user dll's ...
Registered in 0.001597 seconds.
Begin MonoManager ReloadAssembly
Native extension for WindowsStandalone target not found
Native extension for OSXStandalone target not found
Native extension for WebGL target not found
Refreshing native plugins compatible for Editor in 1.13 ms, found 1 plugins.
Preloading 0 native plugins for Editor in 0.00 ms.
Invoked RoslynAnalysisRunner static constructor.
RoslynAnalysisRunner will not be running.
RoslynAnalysisRunner has terminated.
Mono: successfully reloaded assembly
- Completed reload, in  2.431 seconds
Platform modules already initialized, skipping
Switching build target platform(2) subTarget(0) extendedPlatform(0) -> platform(9) subTarget(16777218) extendedPlatform(0)
Refreshing native plugins compatible for Editor in 0.72 ms, found 1 plugins.
Preloading 0 native plugins for Editor in 0.00 ms.
Unloading 1531 Unused Serialized files (Serialized files now loaded: 0)
System memory in use before: 150.8 MB.
System memory in use after: 150.9 MB.

Unloading 22 unused Assets to reduce memory usage. Loaded Objects now: 2017.
Total: 8.131367 ms (FindLiveObjects: 0.507016 ms CreateObjectMapping: 0.271375 ms MarkObjects: 7.271906 ms  DeleteObjects: 0.077465 ms)

AssetImportParameters requested are different than current active one (requested -> active):
  custom:graphics/normal-map-encoding: 01000000000000000000000000000000 -> 02000000000000000000000000000000
========================================================================
Received Import Request.
  Time since last request: 288.535254 seconds.
  path: Assets/Udemy RPG Assets
  artifactKey: Guid(1f9116e22515aa948949b63c34e431ce) Importer(815301076,1909f56bfc062723c751e8b465ee728b)
Start importing Assets/Udemy RPG Assets using Guid(1f9116e22515aa948949b63c34e431ce) Importer(815301076,1909f56bfc062723c751e8b465ee728b)  -> (artifact id: 'bbe4cce42e9140da195d2162129ebc82') in 0.005590 seconds
  Import took 0.012515 seconds .

========================================================================
Received Import Request.
  Time since last request: 8.464860 seconds.
  path: Assets/Scripts/GameManager.cs
  artifactKey: Guid(182b457c84e3449c191352b4e0bffdd0) Importer(815301076,1909f56bfc062723c751e8b465ee728b)
Start importing Assets/Scripts/GameManager.cs using Guid(182b457c84e3449c191352b4e0bffdd0) Importer(815301076,1909f56bfc062723c751e8b465ee728b)  -> (artifact id: '67214ca55489e4668a060f370f7874e3') in 0.018561 seconds
  Import took 0.025080 seconds .

========================================================================
Received Import Request.
  Time since last request: 0.003236 seconds.
  path: Assets/Scripts/GameManager.cs
  artifactKey: Guid(182b457c84e3449c191352b4e0bffdd0) Importer(815301076,1909f56bfc062723c751e8b465ee728b)
Start importing Assets/Scripts/GameManager.cs using Guid(182b457c84e3449c191352b4e0bffdd0) Importer(815301076,1909f56bfc062723c751e8b465ee728b)  -> (artifact id: '67214ca55489e4668a060f370f7874e3') in 0.007106 seconds
  Import took 0.013060 seconds .

========================================================================
Received Prepare
Registering precompiled user dll's ...
Registered in 0.003306 seconds.
Begin MonoManager ReloadAssembly
Native extension for WindowsStandalone target not found
Native extension for OSXStandalone target not found
Native extension for WebGL target not found
Refreshing native plugins compatible for Editor in 0.91 ms, found 1 plugins.
Preloading 0 native plugins for Editor in 0.00 ms.
Invoked RoslynAnalysisRunner static constructor.
RoslynAnalysisRunner will not be running.
RoslynAnalysisRunner has terminated.
Mono: successfully reloaded assembly
- Completed reload, in  1.944 seconds
Platform modules already initialized, skipping
Switching build target platform(2) subTarget(0) extendedPlatform(0) -> platform(9) subTarget(16777218) extendedPlatform(0)
Refreshing native plugins compatible for Editor in 1.29 ms, found 1 plugins.
Preloading 0 native plugins for Editor in 0.00 ms.
Unloading 1531 Unused Serialized files (Serialized files now loaded: 0)
System memory in use before: 151.1 MB.
System memory in use after: 151.2 MB.

Unloading 22 unused Assets to reduce memory usage. Loaded Objects now: 2019.
Total: 5.168314 ms (FindLiveObjects: 0.696071 ms CreateObjectMapping: 0.239032 ms MarkObjects: 4.132752 ms  DeleteObjects: 0.097137 ms)

AssetImportParameters requested are different than current active one (requested -> active):
  custom:graphics/normal-map-encoding: 01000000000000000000000000000000 -> 02000000000000000000000000000000
========================================================================
Received Import Request.
  Time since last request: 66.677302 seconds.
  path: Assets/Scripts/GameManager.cs
  artifactKey: Guid(182b457c84e3449c191352b4e0bffdd0) Importer(815301076,1909f56bfc062723c751e8b465ee728b)
Start importing Assets/Scripts/GameManager.cs using Guid(182b457c84e3449c191352b4e0bffdd0) Importer(815301076,1909f56bfc062723c751e8b465ee728b)  -> (artifact id: '7ee06ef874af7ed0295d48247d42f85b') in 0.014152 seconds
  Import took 0.020384 seconds .

========================================================================
Received Import Request.
  Time since last request: 375.216070 seconds.
  path: Assets/Prefabs/Items/Ring of Fire.prefab
  artifactKey: Guid(8bcfa2ccb8bf74080bfdade0e87bcd9b) Importer(815301076,1909f56bfc062723c751e8b465ee728b)
Start importing Assets/Prefabs/Items/Ring of Fire.prefab using Guid(8bcfa2ccb8bf74080bfdade0e87bcd9b) Importer(815301076,1909f56bfc062723c751e8b465ee728b)  -> (artifact id: '0da7b846e488d6e84e46d669e2e72da1') in 0.470592 seconds
  Import took 0.529263 seconds .

========================================================================
Received Import Request.
  Time since last request: 0.000598 seconds.
  path: Assets/Prefabs/Items/Ring of Frost.prefab
  artifactKey: Guid(9b229e0a468ab40aa98a930872791bf4) Importer(815301076,1909f56bfc062723c751e8b465ee728b)
Start importing Assets/Prefabs/Items/Ring of Frost.prefab using Guid(9b229e0a468ab40aa98a930872791bf4) Importer(815301076,1909f56bfc062723c751e8b465ee728b)  -> (artifact id: '7c7c68cf9c7edae646d370aa6afa228d') in 0.073734 seconds
  Import took 0.090713 seconds .

========================================================================
Received Prepare
Registering precompiled user dll's ...
Registered in 0.002472 seconds.
Begin MonoManager ReloadAssembly
Native extension for WindowsStandalone target not found
Native extension for OSXStandalone target not found
Native extension for WebGL target not found
Refreshing native plugins compatible for Editor in 0.71 ms, found 1 plugins.
Preloading 0 native plugins for Editor in 0.00 ms.
Invoked RoslynAnalysisRunner static constructor.
RoslynAnalysisRunner will not be running.
RoslynAnalysisRunner has terminated.
Mono: successfully reloaded assembly
- Completed reload, in  2.068 seconds
Platform modules already initialized, skipping
Switching build target platform(2) subTarget(0) extendedPlatform(0) -> platform(9) subTarget(16777218) extendedPlatform(0)
Refreshing native plugins compatible for Editor in 0.77 ms, found 1 plugins.
Preloading 0 native plugins for Editor in 0.00 ms.
Unloading 1531 Unused Serialized files (Serialized files now loaded: 0)
System memory in use before: 151.5 MB.
System memory in use after: 151.6 MB.

Unloading 22 unused Assets to reduce memory usage. Loaded Objects now: 2022.
Total: 10.183520 ms (FindLiveObjects: 1.042759 ms CreateObjectMapping: 0.116945 ms MarkObjects: 8.927717 ms  DeleteObjects: 0.093813 ms)

AssetImportParameters requested are different than current active one (requested -> active):
  custom:graphics/normal-map-encoding: 01000000000000000000000000000000 -> 02000000000000000000000000000000
========================================================================
Received Prepare
Registering precompiled user dll's ...
Registered in 0.002565 seconds.
Begin MonoManager ReloadAssembly
Native extension for WindowsStandalone target not found
Native extension for OSXStandalone target not found
Native extension for WebGL target not found
Refreshing native plugins compatible for Editor in 0.69 ms, found 1 plugins.
Preloading 0 native plugins for Editor in 0.00 ms.
Invoked RoslynAnalysisRunner static constructor.
RoslynAnalysisRunner will not be running.
RoslynAnalysisRunner has terminated.
Mono: successfully reloaded assembly
- Completed reload, in  1.709 seconds
Platform modules already initialized, skipping
Switching build target platform(2) subTarget(0) extendedPlatform(0) -> platform(9) subTarget(16777218) extendedPlatform(0)
Refreshing native plugins compatible for Editor in 0.86 ms, found 1 plugins.
Preloading 0 native plugins for Editor in 0.00 ms.
Unloading 1532 Unused Serialized files (Serialized files now loaded: 0)
System memory in use before: 151.8 MB.
System memory in use after: 151.9 MB.

Unloading 22 unused Assets to reduce memory usage. Loaded Objects now: 2025.
Total: 2.622423 ms (FindLiveObjects: 0.441152 ms CreateObjectMapping: 0.085832 ms MarkObjects: 2.015404 ms  DeleteObjects: 0.077886 ms)

AssetImportParameters requested are different than current active one (requested -> active):
  custom:graphics/normal-map-encoding: 01000000000000000000000000000000 -> 02000000000000000000000000000000
========================================================================
Received Prepare
Registering precompiled user dll's ...
Registered in 0.001869 seconds.
Begin MonoManager ReloadAssembly
Native extension for WindowsStandalone target not found
Native extension for OSXStandalone target not found
Native extension for WebGL target not found
Refreshing native plugins compatible for Editor in 0.78 ms, found 1 plugins.
Preloading 0 native plugins for Editor in 0.00 ms.
Invoked RoslynAnalysisRunner static constructor.
RoslynAnalysisRunner will not be running.
RoslynAnalysisRunner has terminated.
Mono: successfully reloaded assembly
- Completed reload, in  2.203 seconds
Platform modules already initialized, skipping
Switching build target platform(2) subTarget(0) extendedPlatform(0) -> platform(9) subTarget(16777218) extendedPlatform(0)
Refreshing native plugins compatible for Editor in 0.66 ms, found 1 plugins.
Preloading 0 native plugins for Editor in 0.00 ms.
Unloading 1532 Unused Serialized files (Serialized files now loaded: 0)
System memory in use before: 151.2 MB.
System memory in use after: 151.3 MB.

Unloading 22 unused Assets to reduce memory usage. Loaded Objects now: 2027.
Total: 8.980036 ms (FindLiveObjects: 1.089395 ms CreateObjectMapping: 0.184558 ms MarkObjects: 7.635644 ms  DeleteObjects: 0.067690 ms)

AssetImportParameters requested are different than current active one (requested -> active):
  custom:graphics/normal-map-encoding: 01000000000000000000000000000000 -> 02000000000000000000000000000000
========================================================================
Received Prepare
Registering precompiled user dll's ...
Registered in 0.001885 seconds.
Begin MonoManager ReloadAssembly
Native extension for WindowsStandalone target not found
Native extension for OSXStandalone target not found
Native extension for WebGL target not found
Refreshing native plugins compatible for Editor in 0.73 ms, found 1 plugins.
Preloading 0 native plugins for Editor in 0.00 ms.
Invoked RoslynAnalysisRunner static constructor.
RoslynAnalysisRunner will not be running.
RoslynAnalysisRunner has terminated.
Mono: successfully reloaded assembly
- Completed reload, in  1.989 seconds
Platform modules already initialized, skipping
Switching build target platform(2) subTarget(0) extendedPlatform(0) -> platform(9) subTarget(16777218) extendedPlatform(0)
Refreshing native plugins compatible for Editor in 0.77 ms, found 1 plugins.
Preloading 0 native plugins for Editor in 0.00 ms.
Unloading 1532 Unused Serialized files (Serialized files now loaded: 0)
System memory in use before: 151.5 MB.
System memory in use after: 151.6 MB.

Unloading 22 unused Assets to reduce memory usage. Loaded Objects now: 2029.
Total: 9.850091 ms (FindLiveObjects: 1.651527 ms CreateObjectMapping: 0.216972 ms MarkObjects: 7.894238 ms  DeleteObjects: 0.084156 ms)

AssetImportParameters requested are different than current active one (requested -> active):
  custom:graphics/normal-map-encoding: 01000000000000000000000000000000 -> 02000000000000000000000000000000
========================================================================
Received Prepare
Registering precompiled user dll's ...
Registered in 0.002373 seconds.
Begin MonoManager ReloadAssembly
Native extension for WindowsStandalone target not found
Native extension for OSXStandalone target not found
Native extension for WebGL target not found
Refreshing native plugins compatible for Editor in 0.94 ms, found 1 plugins.
Preloading 0 native plugins for Editor in 0.00 ms.
Invoked RoslynAnalysisRunner static constructor.
RoslynAnalysisRunner will not be running.
RoslynAnalysisRunner has terminated.
Mono: successfully reloaded assembly
- Completed reload, in  1.736 seconds
Platform modules already initialized, skipping
Switching build target platform(2) subTarget(0) extendedPlatform(0) -> platform(9) subTarget(16777218) extendedPlatform(0)
Refreshing native plugins compatible for Editor in 0.69 ms, found 1 plugins.
Preloading 0 native plugins for Editor in 0.00 ms.
Unloading 1532 Unused Serialized files (Serialized files now loaded: 0)
System memory in use before: 151.8 MB.
System memory in use after: 151.9 MB.

Unloading 22 unused Assets to reduce memory usage. Loaded Objects now: 2031.
Total: 3.181187 ms (FindLiveObjects: 0.509711 ms CreateObjectMapping: 0.160665 ms MarkObjects: 2.452675 ms  DeleteObjects: 0.055302 ms)

AssetImportParameters requested are different than current active one (requested -> active):
  custom:graphics/normal-map-encoding: 01000000000000000000000000000000 -> 02000000000000000000000000000000
========================================================================
Received Import Request.
  Time since last request: 1100.021790 seconds.
  path: Assets/Scenes/Game.unity
  artifactKey: Guid(299886598208345afbc31d104dda4286) Importer(815301076,1909f56bfc062723c751e8b465ee728b)
Start importing Assets/Scenes/Game.unity using Guid(299886598208345afbc31d104dda4286) Importer(815301076,1909f56bfc062723c751e8b465ee728b)  -> (artifact id: 'b2fb1a3161da031cf23ce5ab1e6d4a2b') in 0.022095 seconds
  Import took 0.028811 seconds .

========================================================================
Received Prepare
Registering precompiled user dll's ...
Registered in 0.005821 seconds.
Begin MonoManager ReloadAssembly
Native extension for WindowsStandalone target not found
Native extension for OSXStandalone target not found
Native extension for WebGL target not found
Refreshing native plugins compatible for Editor in 2.40 ms, found 1 plugins.
Preloading 0 native plugins for Editor in 0.00 ms.
Invoked RoslynAnalysisRunner static constructor.
RoslynAnalysisRunner will not be running.
RoslynAnalysisRunner has terminated.
Mono: successfully reloaded assembly
- Completed reload, in  1.795 seconds
Platform modules already initialized, skipping
Switching build target platform(2) subTarget(0) extendedPlatform(0) -> platform(9) subTarget(16777218) extendedPlatform(0)
Refreshing native plugins compatible for Editor in 0.72 ms, found 1 plugins.
Preloading 0 native plugins for Editor in 0.00 ms.
Unloading 1532 Unused Serialized files (Serialized files now loaded: 0)
System memory in use before: 152.2 MB.
System memory in use after: 152.2 MB.

Unloading 22 unused Assets to reduce memory usage. Loaded Objects now: 2033.
Total: 2.634212 ms (FindLiveObjects: 0.376225 ms CreateObjectMapping: 0.077064 ms MarkObjects: 2.128212 ms  DeleteObjects: 0.050630 ms)

AssetImportParameters requested are different than current active one (requested -> active):
  custom:graphics/normal-map-encoding: 01000000000000000000000000000000 -> 02000000000000000000000000000000
========================================================================
Received Import Request.
  Time since last request: 80.069759 seconds.
  path: Assets/Scenes/Game.unity
  artifactKey: Guid(299886598208345afbc31d104dda4286) Importer(815301076,1909f56bfc062723c751e8b465ee728b)
Start importing Assets/Scenes/Game.unity using Guid(299886598208345afbc31d104dda4286) Importer(815301076,1909f56bfc062723c751e8b465ee728b)  -> (artifact id: '3687f53232c39ac36a23a474bcc0a281') in 0.019535 seconds
  Import took 0.025863 seconds .

========================================================================
Received Prepare
Registering precompiled user dll's ...
Registered in 0.002927 seconds.
Begin MonoManager ReloadAssembly
Native extension for WindowsStandalone target not found
Native extension for OSXStandalone target not found
Native extension for WebGL target not found
Refreshing native plugins compatible for Editor in 0.69 ms, found 1 plugins.
Preloading 0 native plugins for Editor in 0.00 ms.
Invoked RoslynAnalysisRunner static constructor.
RoslynAnalysisRunner will not be running.
RoslynAnalysisRunner has terminated.
Mono: successfully reloaded assembly
- Completed reload, in  2.403 seconds
Platform modules already initialized, skipping
Switching build target platform(2) subTarget(0) extendedPlatform(0) -> platform(9) subTarget(16777218) extendedPlatform(0)
Refreshing native plugins compatible for Editor in 0.72 ms, found 1 plugins.
Preloading 0 native plugins for Editor in 0.00 ms.
Unloading 1532 Unused Serialized files (Serialized files now loaded: 0)
System memory in use before: 152.5 MB.
System memory in use after: 152.6 MB.

Unloading 22 unused Assets to reduce memory usage. Loaded Objects now: 2035.
Total: 3.495089 ms (FindLiveObjects: 0.388617 ms CreateObjectMapping: 0.144712 ms MarkObjects: 2.906207 ms  DeleteObjects: 0.052208 ms)

AssetImportParameters requested are different than current active one (requested -> active):
  custom:graphics/normal-map-encoding: 01000000000000000000000000000000 -> 02000000000000000000000000000000
========================================================================
Received Prepare
Registering precompiled user dll's ...
Registered in 0.003812 seconds.
Begin MonoManager ReloadAssembly
Native extension for WindowsStandalone target not found
Native extension for OSXStandalone target not found
Native extension for WebGL target not found
Refreshing native plugins compatible for Editor in 0.73 ms, found 1 plugins.
Preloading 0 native plugins for Editor in 0.00 ms.
Invoked RoslynAnalysisRunner static constructor.
RoslynAnalysisRunner will not be running.
RoslynAnalysisRunner has terminated.
Mono: successfully reloaded assembly
- Completed reload, in  1.647 seconds
Platform modules already initialized, skipping
Switching build target platform(2) subTarget(0) extendedPlatform(0) -> platform(9) subTarget(16777218) extendedPlatform(0)
Refreshing native plugins compatible for Editor in 0.65 ms, found 1 plugins.
Preloading 0 native plugins for Editor in 0.00 ms.
Unloading 1532 Unused Serialized files (Serialized files now loaded: 0)
System memory in use before: 152.8 MB.
System memory in use after: 152.9 MB.

Unloading 22 unused Assets to reduce memory usage. Loaded Objects now: 2037.
Total: 2.808602 ms (FindLiveObjects: 0.361416 ms CreateObjectMapping: 0.110610 ms MarkObjects: 2.311408 ms  DeleteObjects: 0.022673 ms)

AssetImportParameters requested are different than current active one (requested -> active):
  custom:graphics/normal-map-encoding: 01000000000000000000000000000000 -> 02000000000000000000000000000000
========================================================================
Received Import Request.
  Time since last request: 118.104556 seconds.
  path: Assets/Scenes/Game.unity
  artifactKey: Guid(299886598208345afbc31d104dda4286) Importer(815301076,1909f56bfc062723c751e8b465ee728b)
Start importing Assets/Scenes/Game.unity using Guid(299886598208345afbc31d104dda4286) Importer(815301076,1909f56bfc062723c751e8b465ee728b)  -> (artifact id: 'a7d409c281005c7a8dfd343398de7a35') in 0.026078 seconds
  Import took 0.033445 seconds .

========================================================================
Received Prepare
Registering precompiled user dll's ...
Registered in 0.001711 seconds.
Begin MonoManager ReloadAssembly
Native extension for WindowsStandalone target not found
Native extension for OSXStandalone target not found
Native extension for WebGL target not found
Refreshing native plugins compatible for Editor in 0.66 ms, found 1 plugins.
Preloading 0 native plugins for Editor in 0.00 ms.
Invoked RoslynAnalysisRunner static constructor.
RoslynAnalysisRunner will not be running.
RoslynAnalysisRunner has terminated.
Mono: successfully reloaded assembly
- Completed reload, in  1.957 seconds
Platform modules already initialized, skipping
Switching build target platform(2) subTarget(0) extendedPlatform(0) -> platform(9) subTarget(16777218) extendedPlatform(0)
Refreshing native plugins compatible for Editor in 1.09 ms, found 1 plugins.
Preloading 0 native plugins for Editor in 0.00 ms.
Unloading 1532 Unused Serialized files (Serialized files now loaded: 0)
System memory in use before: 153.1 MB.
System memory in use after: 153.2 MB.

Unloading 22 unused Assets to reduce memory usage. Loaded Objects now: 2039.
Total: 2.676980 ms (FindLiveObjects: 0.383966 ms CreateObjectMapping: 0.079664 ms MarkObjects: 2.143658 ms  DeleteObjects: 0.065685 ms)

AssetImportParameters requested are different than current active one (requested -> active):
  custom:graphics/normal-map-encoding: 01000000000000000000000000000000 -> 02000000000000000000000000000000
========================================================================
Received Prepare
Registering precompiled user dll's ...
Registered in 0.001877 seconds.
Begin MonoManager ReloadAssembly
Native extension for WindowsStandalone target not found
Native extension for OSXStandalone target not found
Native extension for WebGL target not found
Refreshing native plugins compatible for Editor in 1.15 ms, found 1 plugins.
Preloading 0 native plugins for Editor in 0.00 ms.
Invoked RoslynAnalysisRunner static constructor.
RoslynAnalysisRunner will not be running.
RoslynAnalysisRunner has terminated.
Mono: successfully reloaded assembly
- Completed reload, in  1.756 seconds
Platform modules already initialized, skipping
Switching build target platform(2) subTarget(0) extendedPlatform(0) -> platform(9) subTarget(16777218) extendedPlatform(0)
Refreshing native plugins compatible for Editor in 0.74 ms, found 1 plugins.
Preloading 0 native plugins for Editor in 0.00 ms.
Unloading 1532 Unused Serialized files (Serialized files now loaded: 0)
System memory in use before: 153.3 MB.
System memory in use after: 153.4 MB.

Unloading 22 unused Assets to reduce memory usage. Loaded Objects now: 2041.
Total: 3.014188 ms (FindLiveObjects: 0.332877 ms CreateObjectMapping: 0.233448 ms MarkObjects: 2.410091 ms  DeleteObjects: 0.035485 ms)

AssetImportParameters requested are different than current active one (requested -> active):
  custom:graphics/normal-map-encoding: 01000000000000000000000000000000 -> 02000000000000000000000000000000
========================================================================
Received Prepare
Registering precompiled user dll's ...
Registered in 0.003990 seconds.
Begin MonoManager ReloadAssembly
Native extension for WindowsStandalone target not found
Native extension for OSXStandalone target not found
Native extension for WebGL target not found
Refreshing native plugins compatible for Editor in 1.19 ms, found 1 plugins.
Preloading 0 native plugins for Editor in 0.00 ms.
Invoked RoslynAnalysisRunner static constructor.
RoslynAnalysisRunner will not be running.
RoslynAnalysisRunner has terminated.
Mono: successfully reloaded assembly
- Completed reload, in  1.784 seconds
Platform modules already initialized, skipping
Switching build target platform(2) subTarget(0) extendedPlatform(0) -> platform(9) subTarget(16777218) extendedPlatform(0)
Refreshing native plugins compatible for Editor in 0.82 ms, found 1 plugins.
Preloading 0 native plugins for Editor in 0.00 ms.
Unloading 1532 Unused Serialized files (Serialized files now loaded: 0)
System memory in use before: 152.8 MB.
System memory in use after: 152.9 MB.

Unloading 22 unused Assets to reduce memory usage. Loaded Objects now: 2043.
Total: 2.897947 ms (FindLiveObjects: 0.420194 ms CreateObjectMapping: 0.150715 ms MarkObjects: 2.294560 ms  DeleteObjects: 0.030626 ms)

AssetImportParameters requested are different than current active one (requested -> active):
  custom:graphics/normal-map-encoding: 01000000000000000000000000000000 -> 02000000000000000000000000000000
========================================================================
Received Prepare
Registering precompiled user dll's ...
Registered in 0.002956 seconds.
Begin MonoManager ReloadAssembly
Native extension for WindowsStandalone target not found
Native extension for OSXStandalone target not found
Native extension for WebGL target not found
Refreshing native plugins compatible for Editor in 0.67 ms, found 1 plugins.
Preloading 0 native plugins for Editor in 0.00 ms.
Invoked RoslynAnalysisRunner static constructor.
RoslynAnalysisRunner will not be running.
RoslynAnalysisRunner has terminated.
Mono: successfully reloaded assembly
- Completed reload, in  1.772 seconds
Platform modules already initialized, skipping
Switching build target platform(2) subTarget(0) extendedPlatform(0) -> platform(9) subTarget(16777218) extendedPlatform(0)
Refreshing native plugins compatible for Editor in 0.74 ms, found 1 plugins.
Preloading 0 native plugins for Editor in 0.00 ms.
Unloading 1532 Unused Serialized files (Serialized files now loaded: 0)
System memory in use before: 153.1 MB.
System memory in use after: 153.2 MB.

Unloading 22 unused Assets to reduce memory usage. Loaded Objects now: 2045.
Total: 2.688716 ms (FindLiveObjects: 0.363588 ms CreateObjectMapping: 0.076520 ms MarkObjects: 2.185532 ms  DeleteObjects: 0.059015 ms)

AssetImportParameters requested are different than current active one (requested -> active):
  custom:graphics/normal-map-encoding: 01000000000000000000000000000000 -> 02000000000000000000000000000000
========================================================================
Received Prepare
Registering precompiled user dll's ...
Registered in 0.001946 seconds.
Begin MonoManager ReloadAssembly
Native extension for WindowsStandalone target not found
Native extension for OSXStandalone target not found
Native extension for WebGL target not found
Refreshing native plugins compatible for Editor in 0.74 ms, found 1 plugins.
Preloading 0 native plugins for Editor in 0.00 ms.
Invoked RoslynAnalysisRunner static constructor.
RoslynAnalysisRunner will not be running.
RoslynAnalysisRunner has terminated.
Mono: successfully reloaded assembly
- Completed reload, in  1.626 seconds
Platform modules already initialized, skipping
Switching build target platform(2) subTarget(0) extendedPlatform(0) -> platform(9) subTarget(16777218) extendedPlatform(0)
Refreshing native plugins compatible for Editor in 0.73 ms, found 1 plugins.
Preloading 0 native plugins for Editor in 0.00 ms.
Unloading 1532 Unused Serialized files (Serialized files now loaded: 0)
System memory in use before: 153.4 MB.
System memory in use after: 153.5 MB.

Unloading 22 unused Assets to reduce memory usage. Loaded Objects now: 2047.
Total: 2.578079 ms (FindLiveObjects: 0.334488 ms CreateObjectMapping: 0.076459 ms MarkObjects: 2.137875 ms  DeleteObjects: 0.026865 ms)

AssetImportParameters requested are different than current active one (requested -> active):
  custom:graphics/normal-map-encoding: 01000000000000000000000000000000 -> 02000000000000000000000000000000
========================================================================
Received Prepare
Registering precompiled user dll's ...
Registered in 0.003899 seconds.
Begin MonoManager ReloadAssembly
Native extension for WindowsStandalone target not found
Native extension for OSXStandalone target not found
Native extension for WebGL target not found
Refreshing native plugins compatible for Editor in 0.76 ms, found 1 plugins.
Preloading 0 native plugins for Editor in 0.00 ms.
Invoked RoslynAnalysisRunner static constructor.
RoslynAnalysisRunner will not be running.
RoslynAnalysisRunner has terminated.
Mono: successfully reloaded assembly
- Completed reload, in  1.470 seconds
Platform modules already initialized, skipping
Switching build target platform(2) subTarget(0) extendedPlatform(0) -> platform(9) subTarget(16777218) extendedPlatform(0)
Refreshing native plugins compatible for Editor in 0.65 ms, found 1 plugins.
Preloading 0 native plugins for Editor in 0.00 ms.
Unloading 1532 Unused Serialized files (Serialized files now loaded: 0)
System memory in use before: 153.8 MB.
System memory in use after: 153.8 MB.

Unloading 22 unused Assets to reduce memory usage. Loaded Objects now: 2049.
Total: 3.412538 ms (FindLiveObjects: 0.317178 ms CreateObjectMapping: 0.112817 ms MarkObjects: 2.952850 ms  DeleteObjects: 0.025265 ms)

AssetImportParameters requested are different than current active one (requested -> active):
  custom:graphics/normal-map-encoding: 01000000000000000000000000000000 -> 02000000000000000000000000000000
========================================================================
Received Import Request.
  Time since last request: 1884.625793 seconds.
  path: Assets/Scripts/Inventory/GameMenu.cs
  artifactKey: Guid(6812a7983b1b24194883c7104f13be5c) Importer(815301076,1909f56bfc062723c751e8b465ee728b)
Start importing Assets/Scripts/Inventory/GameMenu.cs using Guid(6812a7983b1b24194883c7104f13be5c) Importer(815301076,1909f56bfc062723c751e8b465ee728b)  -> (artifact id: '64a02ff61d1711aac1dc99a97b9e95e0') in 0.133830 seconds
  Import took 0.167432 seconds .

========================================================================
Received Prepare
Registering precompiled user dll's ...
Registered in 0.002396 seconds.
Begin MonoManager ReloadAssembly
Native extension for WindowsStandalone target not found
Native extension for OSXStandalone target not found
Native extension for WebGL target not found
Refreshing native plugins compatible for Editor in 0.75 ms, found 1 plugins.
Preloading 0 native plugins for Editor in 0.00 ms.
Invoked RoslynAnalysisRunner static constructor.
RoslynAnalysisRunner will not be running.
RoslynAnalysisRunner has terminated.
Mono: successfully reloaded assembly
- Completed reload, in  1.747 seconds
Platform modules already initialized, skipping
Switching build target platform(2) subTarget(0) extendedPlatform(0) -> platform(9) subTarget(16777218) extendedPlatform(0)
Refreshing native plugins compatible for Editor in 0.72 ms, found 1 plugins.
Preloading 0 native plugins for Editor in 0.00 ms.
Unloading 1532 Unused Serialized files (Serialized files now loaded: 0)
System memory in use before: 154.1 MB.
System memory in use after: 154.2 MB.

Unloading 22 unused Assets to reduce memory usage. Loaded Objects now: 2051.
Total: 5.968745 ms (FindLiveObjects: 1.418833 ms CreateObjectMapping: 0.215860 ms MarkObjects: 4.249195 ms  DeleteObjects: 0.081880 ms)

AssetImportParameters requested are different than current active one (requested -> active):
  custom:graphics/normal-map-encoding: 01000000000000000000000000000000 -> 02000000000000000000000000000000
========================================================================
Received Import Request.
  Time since last request: 246.188595 seconds.
  path: Assets/Scripts/Inventory/GameMenu.cs
  artifactKey: Guid(6812a7983b1b24194883c7104f13be5c) Importer(815301076,1909f56bfc062723c751e8b465ee728b)
Start importing Assets/Scripts/Inventory/GameMenu.cs using Guid(6812a7983b1b24194883c7104f13be5c) Importer(815301076,1909f56bfc062723c751e8b465ee728b)  -> (artifact id: '3b7b7dc4e8ae1a73bc62682d1ac4d88a') in 0.020286 seconds
  Import took 0.027690 seconds .

========================================================================
Received Import Request.
  Time since last request: 0.051464 seconds.
  path: Assets/Scripts/Inventory/GameMenu.cs
  artifactKey: Guid(6812a7983b1b24194883c7104f13be5c) Importer(815301076,1909f56bfc062723c751e8b465ee728b)
Start importing Assets/Scripts/Inventory/GameMenu.cs using Guid(6812a7983b1b24194883c7104f13be5c) Importer(815301076,1909f56bfc062723c751e8b465ee728b)  -> (artifact id: '3b7b7dc4e8ae1a73bc62682d1ac4d88a') in 0.005676 seconds
  Import took 0.012976 seconds .

========================================================================
Received Prepare
Registering precompiled user dll's ...
Registered in 0.006947 seconds.
Begin MonoManager ReloadAssembly
Native extension for WindowsStandalone target not found
Native extension for OSXStandalone target not found
Native extension for WebGL target not found
Refreshing native plugins compatible for Editor in 1.09 ms, found 1 plugins.
Preloading 0 native plugins for Editor in 0.00 ms.
Invoked RoslynAnalysisRunner static constructor.
RoslynAnalysisRunner will not be running.
RoslynAnalysisRunner has terminated.
Mono: successfully reloaded assembly
- Completed reload, in  2.037 seconds
Platform modules already initialized, skipping
Switching build target platform(2) subTarget(0) extendedPlatform(0) -> platform(9) subTarget(16777218) extendedPlatform(0)
Refreshing native plugins compatible for Editor in 0.73 ms, found 1 plugins.
Preloading 0 native plugins for Editor in 0.00 ms.
Unloading 1532 Unused Serialized files (Serialized files now loaded: 0)
System memory in use before: 154.4 MB.
System memory in use after: 154.5 MB.

Unloading 22 unused Assets to reduce memory usage. Loaded Objects now: 2053.
Total: 2.968993 ms (FindLiveObjects: 0.668387 ms CreateObjectMapping: 0.203277 ms MarkObjects: 2.024509 ms  DeleteObjects: 0.070191 ms)

AssetImportParameters requested are different than current active one (requested -> active):
  custom:graphics/normal-map-encoding: 01000000000000000000000000000000 -> 02000000000000000000000000000000
========================================================================
Received Prepare
Registering precompiled user dll's ...
Registered in 0.001410 seconds.
Begin MonoManager ReloadAssembly
Native extension for WindowsStandalone target not found
Native extension for OSXStandalone target not found
Native extension for WebGL target not found
Refreshing native plugins compatible for Editor in 0.74 ms, found 1 plugins.
Preloading 0 native plugins for Editor in 0.00 ms.
Invoked RoslynAnalysisRunner static constructor.
RoslynAnalysisRunner will not be running.
RoslynAnalysisRunner has terminated.
Mono: successfully reloaded assembly
- Completed reload, in  1.797 seconds
Platform modules already initialized, skipping
Switching build target platform(2) subTarget(0) extendedPlatform(0) -> platform(9) subTarget(16777218) extendedPlatform(0)
Refreshing native plugins compatible for Editor in 0.70 ms, found 1 plugins.
Preloading 0 native plugins for Editor in 0.00 ms.
Unloading 1532 Unused Serialized files (Serialized files now loaded: 0)
System memory in use before: 154.7 MB.
System memory in use after: 154.7 MB.

Unloading 22 unused Assets to reduce memory usage. Loaded Objects now: 2055.
Total: 2.540491 ms (FindLiveObjects: 0.312432 ms CreateObjectMapping: 0.078949 ms MarkObjects: 2.075197 ms  DeleteObjects: 0.061528 ms)

AssetImportParameters requested are different than current active one (requested -> active):
  custom:graphics/normal-map-encoding: 01000000000000000000000000000000 -> 02000000000000000000000000000000
========================================================================
Received Import Request.
  Time since last request: 87.105323 seconds.
  path: Assets/Scripts/Inventory/GameMenu.cs
  artifactKey: Guid(6812a7983b1b24194883c7104f13be5c) Importer(815301076,1909f56bfc062723c751e8b465ee728b)
Start importing Assets/Scripts/Inventory/GameMenu.cs using Guid(6812a7983b1b24194883c7104f13be5c) Importer(815301076,1909f56bfc062723c751e8b465ee728b)  -> (artifact id: '3f3c0a82a9ea88b7033e4c0601ec08f2') in 0.017302 seconds
  Import took 0.023447 seconds .

========================================================================
Received Prepare
Registering precompiled user dll's ...
Registered in 0.008447 seconds.
Begin MonoManager ReloadAssembly
Native extension for WindowsStandalone target not found
Native extension for OSXStandalone target not found
Native extension for WebGL target not found
Refreshing native plugins compatible for Editor in 0.82 ms, found 1 plugins.
Preloading 0 native plugins for Editor in 0.00 ms.
Invoked RoslynAnalysisRunner static constructor.
RoslynAnalysisRunner will not be running.
RoslynAnalysisRunner has terminated.
Mono: successfully reloaded assembly
- Completed reload, in  1.668 seconds
Platform modules already initialized, skipping
Switching build target platform(2) subTarget(0) extendedPlatform(0) -> platform(9) subTarget(16777218) extendedPlatform(0)
Refreshing native plugins compatible for Editor in 0.69 ms, found 1 plugins.
Preloading 0 native plugins for Editor in 0.00 ms.
Unloading 1532 Unused Serialized files (Serialized files now loaded: 0)
System memory in use before: 154.0 MB.
System memory in use after: 154.1 MB.

Unloading 22 unused Assets to reduce memory usage. Loaded Objects now: 2057.
Total: 2.696727 ms (FindLiveObjects: 0.324885 ms CreateObjectMapping: 0.076423 ms MarkObjects: 2.270790 ms  DeleteObjects: 0.022769 ms)

AssetImportParameters requested are different than current active one (requested -> active):
  custom:graphics/normal-map-encoding: 01000000000000000000000000000000 -> 02000000000000000000000000000000
========================================================================
Received Prepare
Registering precompiled user dll's ...
Registered in 0.004195 seconds.
Begin MonoManager ReloadAssembly
Native extension for WindowsStandalone target not found
Native extension for OSXStandalone target not found
Native extension for WebGL target not found
Refreshing native plugins compatible for Editor in 0.78 ms, found 1 plugins.
Preloading 0 native plugins for Editor in 0.00 ms.
Invoked RoslynAnalysisRunner static constructor.
RoslynAnalysisRunner will not be running.
RoslynAnalysisRunner has terminated.
Mono: successfully reloaded assembly
- Completed reload, in  2.752 seconds
Platform modules already initialized, skipping
Switching build target platform(2) subTarget(0) extendedPlatform(0) -> platform(9) subTarget(16777218) extendedPlatform(0)
Refreshing native plugins compatible for Editor in 0.72 ms, found 1 plugins.
Preloading 0 native plugins for Editor in 0.00 ms.
Unloading 1532 Unused Serialized files (Serialized files now loaded: 0)
System memory in use before: 154.4 MB.
System memory in use after: 154.5 MB.

Unloading 22 unused Assets to reduce memory usage. Loaded Objects now: 2059.
Total: 3.143182 ms (FindLiveObjects: 0.522925 ms CreateObjectMapping: 0.107303 ms MarkObjects: 2.442327 ms  DeleteObjects: 0.056818 ms)

AssetImportParameters requested are different than current active one (requested -> active):
  custom:graphics/normal-map-encoding: 01000000000000000000000000000000 -> 02000000000000000000000000000000
========================================================================
Received Prepare
Registering precompiled user dll's ...
Registered in 0.004666 seconds.
Begin MonoManager ReloadAssembly
Native extension for WindowsStandalone target not found
Native extension for OSXStandalone target not found
Native extension for WebGL target not found
Refreshing native plugins compatible for Editor in 0.92 ms, found 1 plugins.
Preloading 0 native plugins for Editor in 0.00 ms.
Invoked RoslynAnalysisRunner static constructor.
RoslynAnalysisRunner will not be running.
RoslynAnalysisRunner has terminated.
Mono: successfully reloaded assembly
- Completed reload, in  1.760 seconds
Platform modules already initialized, skipping
Switching build target platform(2) subTarget(0) extendedPlatform(0) -> platform(9) subTarget(16777218) extendedPlatform(0)
Refreshing native plugins compatible for Editor in 2.01 ms, found 1 plugins.
Preloading 0 native plugins for Editor in 0.00 ms.
Unloading 1532 Unused Serialized files (Serialized files now loaded: 0)
System memory in use before: 154.7 MB.
System memory in use after: 154.8 MB.

Unloading 22 unused Assets to reduce memory usage. Loaded Objects now: 2061.
Total: 5.602396 ms (FindLiveObjects: 0.984773 ms CreateObjectMapping: 0.350874 ms MarkObjects: 4.219478 ms  DeleteObjects: 0.042187 ms)

AssetImportParameters requested are different than current active one (requested -> active):
  custom:graphics/normal-map-encoding: 01000000000000000000000000000000 -> 02000000000000000000000000000000
========================================================================
Received Prepare
Registering precompiled user dll's ...
Registered in 0.001878 seconds.
Begin MonoManager ReloadAssembly
Native extension for WindowsStandalone target not found
Native extension for OSXStandalone target not found
Native extension for WebGL target not found
Refreshing native plugins compatible for Editor in 0.78 ms, found 1 plugins.
Preloading 0 native plugins for Editor in 0.00 ms.
Invoked RoslynAnalysisRunner static constructor.
RoslynAnalysisRunner will not be running.
RoslynAnalysisRunner has terminated.
Mono: successfully reloaded assembly
- Completed reload, in  1.916 seconds
Platform modules already initialized, skipping
Switching build target platform(2) subTarget(0) extendedPlatform(0) -> platform(9) subTarget(16777218) extendedPlatform(0)
Refreshing native plugins compatible for Editor in 0.86 ms, found 1 plugins.
Preloading 0 native plugins for Editor in 0.00 ms.
Unloading 1532 Unused Serialized files (Serialized files now loaded: 0)
System memory in use before: 155.0 MB.
System memory in use after: 155.1 MB.

Unloading 22 unused Assets to reduce memory usage. Loaded Objects now: 2063.
Total: 3.590710 ms (FindLiveObjects: 0.367599 ms CreateObjectMapping: 0.151841 ms MarkObjects: 2.975881 ms  DeleteObjects: 0.092570 ms)

AssetImportParameters requested are different than current active one (requested -> active):
  custom:graphics/normal-map-encoding: 01000000000000000000000000000000 -> 02000000000000000000000000000000
========================================================================
Received Prepare
Registering precompiled user dll's ...
Registered in 0.006552 seconds.
Begin MonoManager ReloadAssembly
Native extension for WindowsStandalone target not found
Native extension for OSXStandalone target not found
Native extension for WebGL target not found
Refreshing native plugins compatible for Editor in 0.72 ms, found 1 plugins.
Preloading 0 native plugins for Editor in 0.00 ms.
Invoked RoslynAnalysisRunner static constructor.
RoslynAnalysisRunner will not be running.
RoslynAnalysisRunner has terminated.
Mono: successfully reloaded assembly
- Completed reload, in  1.573 seconds
Platform modules already initialized, skipping
Switching build target platform(2) subTarget(0) extendedPlatform(0) -> platform(9) subTarget(16777218) extendedPlatform(0)
Refreshing native plugins compatible for Editor in 0.77 ms, found 1 plugins.
Preloading 0 native plugins for Editor in 0.00 ms.
Unloading 1532 Unused Serialized files (Serialized files now loaded: 0)
System memory in use before: 155.3 MB.
System memory in use after: 155.4 MB.

Unloading 22 unused Assets to reduce memory usage. Loaded Objects now: 2065.
Total: 2.611930 ms (FindLiveObjects: 0.304105 ms CreateObjectMapping: 0.088820 ms MarkObjects: 2.195174 ms  DeleteObjects: 0.022242 ms)

AssetImportParameters requested are different than current active one (requested -> active):
  custom:graphics/normal-map-encoding: 01000000000000000000000000000000 -> 02000000000000000000000000000000
========================================================================
Received Import Request.
  Time since last request: 824.526436 seconds.
  path: Assets/Scripts/Task Manager/Task.cs
  artifactKey: Guid(ba7ee34ac921d450aa089ed8f16584c8) Importer(815301076,1909f56bfc062723c751e8b465ee728b)
Start importing Assets/Scripts/Task Manager/Task.cs using Guid(ba7ee34ac921d450aa089ed8f16584c8) Importer(815301076,1909f56bfc062723c751e8b465ee728b)  -> (artifact id: 'f35b7baa9d58d935a9d833236207f54e') in 0.040299 seconds
  Import took 0.052804 seconds .

========================================================================
Received Prepare
Registering precompiled user dll's ...
Registered in 0.004204 seconds.
Begin MonoManager ReloadAssembly
Native extension for WindowsStandalone target not found
Native extension for OSXStandalone target not found
Native extension for WebGL target not found
Refreshing native plugins compatible for Editor in 0.87 ms, found 1 plugins.
Preloading 0 native plugins for Editor in 0.00 ms.
Invoked RoslynAnalysisRunner static constructor.
RoslynAnalysisRunner will not be running.
RoslynAnalysisRunner has terminated.
Mono: successfully reloaded assembly
- Completed reload, in  1.785 seconds
Platform modules already initialized, skipping
Switching build target platform(2) subTarget(0) extendedPlatform(0) -> platform(9) subTarget(16777218) extendedPlatform(0)
Refreshing native plugins compatible for Editor in 0.67 ms, found 1 plugins.
Preloading 0 native plugins for Editor in 0.00 ms.
Unloading 1532 Unused Serialized files (Serialized files now loaded: 0)
System memory in use before: 155.6 MB.
System memory in use after: 155.7 MB.

Unloading 22 unused Assets to reduce memory usage. Loaded Objects now: 2067.
Total: 2.755209 ms (FindLiveObjects: 0.456392 ms CreateObjectMapping: 0.091255 ms MarkObjects: 2.143448 ms  DeleteObjects: 0.062434 ms)

AssetImportParameters requested are different than current active one (requested -> active):
  custom:graphics/normal-map-encoding: 01000000000000000000000000000000 -> 02000000000000000000000000000000
========================================================================
Received Prepare
Registering precompiled user dll's ...
Registered in 0.001728 seconds.
Begin MonoManager ReloadAssembly
Native extension for WindowsStandalone target not found
Native extension for OSXStandalone target not found
Native extension for WebGL target not found
Refreshing native plugins compatible for Editor in 1.18 ms, found 1 plugins.
Preloading 0 native plugins for Editor in 0.00 ms.
Invoked RoslynAnalysisRunner static constructor.
RoslynAnalysisRunner will not be running.
RoslynAnalysisRunner has terminated.
Mono: successfully reloaded assembly
- Completed reload, in  1.686 seconds
Platform modules already initialized, skipping
Switching build target platform(2) subTarget(0) extendedPlatform(0) -> platform(9) subTarget(16777218) extendedPlatform(0)
Refreshing native plugins compatible for Editor in 0.77 ms, found 1 plugins.
Preloading 0 native plugins for Editor in 0.00 ms.
Unloading 1532 Unused Serialized files (Serialized files now loaded: 0)
System memory in use before: 155.9 MB.
System memory in use after: 156.0 MB.

Unloading 22 unused Assets to reduce memory usage. Loaded Objects now: 2069.
Total: 2.721813 ms (FindLiveObjects: 0.323505 ms CreateObjectMapping: 0.164250 ms MarkObjects: 2.204374 ms  DeleteObjects: 0.027747 ms)

AssetImportParameters requested are different than current active one (requested -> active):
  custom:graphics/normal-map-encoding: 01000000000000000000000000000000 -> 02000000000000000000000000000000
========================================================================
Received Prepare
Registering precompiled user dll's ...
Registered in 0.001459 seconds.
Begin MonoManager ReloadAssembly
Native extension for WindowsStandalone target not found
Native extension for OSXStandalone target not found
Native extension for WebGL target not found
Refreshing native plugins compatible for Editor in 0.82 ms, found 1 plugins.
Preloading 0 native plugins for Editor in 0.00 ms.
Invoked RoslynAnalysisRunner static constructor.
RoslynAnalysisRunner will not be running.
RoslynAnalysisRunner has terminated.
Mono: successfully reloaded assembly
- Completed reload, in  1.654 seconds
Platform modules already initialized, skipping
Switching build target platform(2) subTarget(0) extendedPlatform(0) -> platform(9) subTarget(16777218) extendedPlatform(0)
Refreshing native plugins compatible for Editor in 0.70 ms, found 1 plugins.
Preloading 0 native plugins for Editor in 0.00 ms.
Unloading 1532 Unused Serialized files (Serialized files now loaded: 0)
System memory in use before: 155.3 MB.
System memory in use after: 155.4 MB.

Unloading 22 unused Assets to reduce memory usage. Loaded Objects now: 2071.
Total: 2.966136 ms (FindLiveObjects: 0.418463 ms CreateObjectMapping: 0.155667 ms MarkObjects: 2.339682 ms  DeleteObjects: 0.050576 ms)

AssetImportParameters requested are different than current active one (requested -> active):
  custom:graphics/normal-map-encoding: 01000000000000000000000000000000 -> 02000000000000000000000000000000
========================================================================
Received Prepare
Registering precompiled user dll's ...
Registered in 0.005003 seconds.
Begin MonoManager ReloadAssembly
Native extension for WindowsStandalone target not found
Native extension for OSXStandalone target not found
Native extension for WebGL target not found
Refreshing native plugins compatible for Editor in 0.77 ms, found 1 plugins.
Preloading 0 native plugins for Editor in 0.00 ms.
Invoked RoslynAnalysisRunner static constructor.
RoslynAnalysisRunner will not be running.
RoslynAnalysisRunner has terminated.
Mono: successfully reloaded assembly
- Completed reload, in  1.716 seconds
Platform modules already initialized, skipping
Switching build target platform(2) subTarget(0) extendedPlatform(0) -> platform(9) subTarget(16777218) extendedPlatform(0)
Refreshing native plugins compatible for Editor in 1.22 ms, found 1 plugins.
Preloading 0 native plugins for Editor in 0.00 ms.
Unloading 1532 Unused Serialized files (Serialized files now loaded: 0)
System memory in use before: 155.7 MB.
System memory in use after: 155.7 MB.

Unloading 22 unused Assets to reduce memory usage. Loaded Objects now: 2073.
Total: 6.306012 ms (FindLiveObjects: 1.405134 ms CreateObjectMapping: 0.530342 ms MarkObjects: 4.327730 ms  DeleteObjects: 0.036023 ms)

AssetImportParameters requested are different than current active one (requested -> active):
  custom:graphics/normal-map-encoding: 01000000000000000000000000000000 -> 02000000000000000000000000000000
========================================================================
Received Prepare
Registering precompiled user dll's ...
Registered in 0.001850 seconds.
Begin MonoManager ReloadAssembly
Native extension for WindowsStandalone target not found
Native extension for OSXStandalone target not found
Native extension for WebGL target not found
Refreshing native plugins compatible for Editor in 0.65 ms, found 1 plugins.
Preloading 0 native plugins for Editor in 0.00 ms.
Invoked RoslynAnalysisRunner static constructor.
RoslynAnalysisRunner will not be running.
RoslynAnalysisRunner has terminated.
Mono: successfully reloaded assembly
- Completed reload, in  1.456 seconds
Platform modules already initialized, skipping
Switching build target platform(2) subTarget(0) extendedPlatform(0) -> platform(9) subTarget(16777218) extendedPlatform(0)
Refreshing native plugins compatible for Editor in 0.71 ms, found 1 plugins.
Preloading 0 native plugins for Editor in 0.00 ms.
Unloading 1532 Unused Serialized files (Serialized files now loaded: 0)
System memory in use before: 156.0 MB.
System memory in use after: 156.1 MB.

Unloading 22 unused Assets to reduce memory usage. Loaded Objects now: 2075.
Total: 2.611610 ms (FindLiveObjects: 0.322482 ms CreateObjectMapping: 0.075715 ms MarkObjects: 2.188041 ms  DeleteObjects: 0.023046 ms)

AssetImportParameters requested are different than current active one (requested -> active):
  custom:graphics/normal-map-encoding: 01000000000000000000000000000000 -> 02000000000000000000000000000000
