Using pre-set license

 COMMAND LINE ARGUMENTS:
/Applications/Unity/Hub/Editor/2020.2.2f1/Unity.app/Contents/MacOS/Unity
-adb2
-batchMode
-noUpm
-name
AssetImportWorker0
-projectPath
/Users/samfoit/Desktop/Unity/DailyQuest
-logFile
Logs/AssetImportWorker0.log
-srvPort
52843
Successfully changed project path to: /Users/samfoit/Desktop/Unity/DailyQuest
/Users/samfoit/Desktop/Unity/DailyQuest
Using Asset Import Pipeline V2.
Refreshing native plugins compatible for Editor in 458.31 ms, found 1 plugins.
Preloading 0 native plugins for Editor in 0.00 ms.
Initialize engine version: 2020.2.2f1 (068178b99f32)
[Subsystems] Discovering subsystems at path /Applications/Unity/Hub/Editor/2020.2.2f1/Unity.app/Contents/Resources/UnitySubsystems
[Subsystems] Discovering subsystems at path /Users/samfoit/Desktop/Unity/DailyQuest/Assets
GfxDevice: creating device client; threaded=0
2021-03-22 15:21:27.399 Unity[21097:740880] Color LCD preferred device: Intel Iris Graphics (low power)
2021-03-22 15:21:27.399 Unity[21097:740880] Metal devices available: 1
2021-03-22 15:21:27.399 Unity[21097:740880] 0: Intel Iris Graphics (low power)
2021-03-22 15:21:27.400 Unity[21097:740880] Using device Intel Iris Graphics (low power)
Initializing Metal device caps: Intel Iris Graphics
Initialize mono
Mono path[0] = '/Applications/Unity/Hub/Editor/2020.2.2f1/Unity.app/Contents/Managed'
Mono path[1] = '/Applications/Unity/Hub/Editor/2020.2.2f1/Unity.app/Contents/MonoBleedingEdge/lib/mono/unityjit'
Mono config path = '/Applications/Unity/Hub/Editor/2020.2.2f1/Unity.app/Contents/MonoBleedingEdge/etc'
Using monoOptions --debugger-agent=transport=dt_socket,embedding=1,server=y,suspend=n,address=127.0.0.1:56097
Begin MonoManager ReloadAssembly
Registering precompiled unity dll's ...
Register platform support module: /Applications/Unity/Hub/Editor/2020.2.2f1/PlaybackEngines/WebGLSupport/UnityEditor.WebGL.Extensions.dll
Register platform support module: /Applications/Unity/Hub/Editor/2020.2.2f1/Unity.app/Contents/PlaybackEngines/MacStandaloneSupport/UnityEditor.OSXStandalone.Extensions.dll
Register platform support module: /Applications/Unity/Hub/Editor/2020.2.2f1/PlaybackEngines/WindowsStandaloneSupport/UnityEditor.WindowsStandalone.Extensions.dll
Registered in 0.001441 seconds.
Native extension for WindowsStandalone target not found
Native extension for OSXStandalone target not found
Native extension for WebGL target not found
Refreshing native plugins compatible for Editor in 65.98 ms, found 1 plugins.
Preloading 0 native plugins for Editor in 0.00 ms.
Invoked RoslynAnalysisRunner static constructor.
RoslynAnalysisRunner will not be running.
RoslynAnalysisRunner has terminated.
Mono: successfully reloaded assembly
- Completed reload, in  8.178 seconds
Platform modules already initialized, skipping
Registering precompiled user dll's ...
Registered in 0.002434 seconds.
Begin MonoManager ReloadAssembly
Native extension for WindowsStandalone target not found
Native extension for OSXStandalone target not found
Native extension for WebGL target not found
Refreshing native plugins compatible for Editor in 0.72 ms, found 1 plugins.
Preloading 0 native plugins for Editor in 0.00 ms.
Invoked RoslynAnalysisRunner static constructor.
RoslynAnalysisRunner will not be running.
RoslynAnalysisRunner has terminated.
Mono: successfully reloaded assembly
- Completed reload, in  1.853 seconds
Platform modules already initialized, skipping
========================================================================
Worker process is ready to serve import requests
Launching external process: /Applications/Unity/Hub/Editor/2020.2.2f1/Unity.app/Contents/Tools/UnityShaderCompiler
Launched and connected shader compiler UnityShaderCompiler after 0.07 seconds
Refreshing native plugins compatible for Editor in 0.74 ms, found 1 plugins.
Preloading 0 native plugins for Editor in 0.00 ms.
Unloading 1541 Unused Serialized files (Serialized files now loaded: 0)
System memory in use before: 128.6 MB.
System memory in use after: 128.6 MB.

Unloading 31 unused Assets to reduce memory usage. Loaded Objects now: 1976.
Total: 3.579525 ms (FindLiveObjects: 0.433475 ms CreateObjectMapping: 0.120390 ms MarkObjects: 2.891256 ms  DeleteObjects: 0.130180 ms)

========================================================================
Received Import Request.
  path: Assets/Scripts/Task Manager/Task.cs
  artifactKey: Guid(ba7ee34ac921d450aa089ed8f16584c8) Importer(815301076,1909f56bfc062723c751e8b465ee728b)
Start importing Assets/Scripts/Task Manager/Task.cs using Guid(ba7ee34ac921d450aa089ed8f16584c8) Importer(815301076,1909f56bfc062723c751e8b465ee728b)  -> (artifact id: 'bea8fa710970c726963d5755b5f1d8e7') in 1.322537 seconds
  Import took 1.329954 seconds .

========================================================================
Received Import Request.
  Time since last request: 13.462647 seconds.
  path: Assets/Scripts/Task Manager/Task.cs
  artifactKey: Guid(ba7ee34ac921d450aa089ed8f16584c8) Importer(815301076,1909f56bfc062723c751e8b465ee728b)
Start importing Assets/Scripts/Task Manager/Task.cs using Guid(ba7ee34ac921d450aa089ed8f16584c8) Importer(815301076,1909f56bfc062723c751e8b465ee728b)  -> (artifact id: '0738795bb9f049866ada65f933dca72e') in 0.044113 seconds
  Import took 0.065091 seconds .

========================================================================
Received Prepare
Registering precompiled user dll's ...
Registered in 0.001396 seconds.
Begin MonoManager ReloadAssembly
Native extension for WindowsStandalone target not found
Native extension for OSXStandalone target not found
Native extension for WebGL target not found
Refreshing native plugins compatible for Editor in 0.72 ms, found 1 plugins.
Preloading 0 native plugins for Editor in 0.00 ms.
Invoked RoslynAnalysisRunner static constructor.
RoslynAnalysisRunner will not be running.
RoslynAnalysisRunner has terminated.
Mono: successfully reloaded assembly
- Completed reload, in  1.715 seconds
Platform modules already initialized, skipping
Switching build target platform(2) subTarget(0) extendedPlatform(0) -> platform(9) subTarget(16777218) extendedPlatform(0)
Refreshing native plugins compatible for Editor in 0.74 ms, found 1 plugins.
Preloading 0 native plugins for Editor in 0.00 ms.
Unloading 1526 Unused Serialized files (Serialized files now loaded: 0)
System memory in use before: 131.7 MB.
System memory in use after: 131.8 MB.

Unloading 22 unused Assets to reduce memory usage. Loaded Objects now: 1979.
Total: 2.775250 ms (FindLiveObjects: 0.293355 ms CreateObjectMapping: 0.083632 ms MarkObjects: 2.366678 ms  DeleteObjects: 0.029436 ms)

AssetImportParameters requested are different than current active one (requested -> active):
  custom:graphics/normal-map-encoding: 01000000000000000000000000000000 -> 02000000000000000000000000000000
========================================================================
Received Import Request.
  Time since last request: 154.720745 seconds.
  path: Assets/Scripts/Task Manager/Task.cs
  artifactKey: Guid(ba7ee34ac921d450aa089ed8f16584c8) Importer(815301076,1909f56bfc062723c751e8b465ee728b)
Start importing Assets/Scripts/Task Manager/Task.cs using Guid(ba7ee34ac921d450aa089ed8f16584c8) Importer(815301076,1909f56bfc062723c751e8b465ee728b)  -> (artifact id: '1962a2d671c3c1d4fa697341a17a134c') in 0.105624 seconds
  Import took 0.246055 seconds .

========================================================================
Received Import Request.
  Time since last request: 0.252288 seconds.
  path: Assets/Scripts/Task Manager/Task.cs
  artifactKey: Guid(ba7ee34ac921d450aa089ed8f16584c8) Importer(815301076,1909f56bfc062723c751e8b465ee728b)
Start importing Assets/Scripts/Task Manager/Task.cs using Guid(ba7ee34ac921d450aa089ed8f16584c8) Importer(815301076,1909f56bfc062723c751e8b465ee728b)  -> (artifact id: '1962a2d671c3c1d4fa697341a17a134c') in 0.003281 seconds
  Import took 0.011081 seconds .

========================================================================
Received Import Request.
  Time since last request: 28.202819 seconds.
  path: Assets/Scripts/Task Manager/Task.cs
  artifactKey: Guid(ba7ee34ac921d450aa089ed8f16584c8) Importer(815301076,1909f56bfc062723c751e8b465ee728b)
Start importing Assets/Scripts/Task Manager/Task.cs using Guid(ba7ee34ac921d450aa089ed8f16584c8) Importer(815301076,1909f56bfc062723c751e8b465ee728b)  -> (artifact id: '4fd21700f84e501e41ab4a70e2468513') in 0.003319 seconds
  Import took 0.012503 seconds .

========================================================================
Received Import Request.
  Time since last request: 4.363107 seconds.
  path: Assets/Scripts/Task Manager/Task.cs
  artifactKey: Guid(ba7ee34ac921d450aa089ed8f16584c8) Importer(815301076,1909f56bfc062723c751e8b465ee728b)
Start importing Assets/Scripts/Task Manager/Task.cs using Guid(ba7ee34ac921d450aa089ed8f16584c8) Importer(815301076,1909f56bfc062723c751e8b465ee728b)  -> (artifact id: 'ac1f3187a2d94f1bc426bba83b1d9012') in 0.006622 seconds
  Import took 0.020776 seconds .

========================================================================
Received Import Request.
  Time since last request: 4.758419 seconds.
  path: Assets/Scripts/Task Manager/Task.cs
  artifactKey: Guid(ba7ee34ac921d450aa089ed8f16584c8) Importer(815301076,1909f56bfc062723c751e8b465ee728b)
Start importing Assets/Scripts/Task Manager/Task.cs using Guid(ba7ee34ac921d450aa089ed8f16584c8) Importer(815301076,1909f56bfc062723c751e8b465ee728b)  -> (artifact id: '8b1fb524c13fa9fee564c29a5723cfec') in 0.004186 seconds
  Import took 0.011852 seconds .

========================================================================
Received Import Request.
  Time since last request: 15.356208 seconds.
  path: Assets/Scripts/Task Manager/Task.cs
  artifactKey: Guid(ba7ee34ac921d450aa089ed8f16584c8) Importer(815301076,1909f56bfc062723c751e8b465ee728b)
Start importing Assets/Scripts/Task Manager/Task.cs using Guid(ba7ee34ac921d450aa089ed8f16584c8) Importer(815301076,1909f56bfc062723c751e8b465ee728b)  -> (artifact id: '83e338259786f8ef44eabcdf590647b9') in 0.005336 seconds
  Import took 0.013678 seconds .

========================================================================
Received Prepare
Registering precompiled user dll's ...
Registered in 0.001796 seconds.
Begin MonoManager ReloadAssembly
Native extension for WindowsStandalone target not found
Native extension for OSXStandalone target not found
Native extension for WebGL target not found
Refreshing native plugins compatible for Editor in 0.84 ms, found 1 plugins.
Preloading 0 native plugins for Editor in 0.00 ms.
Invoked RoslynAnalysisRunner static constructor.
RoslynAnalysisRunner will not be running.
RoslynAnalysisRunner has terminated.
Mono: successfully reloaded assembly
- Completed reload, in  1.660 seconds
Platform modules already initialized, skipping
Switching build target platform(2) subTarget(0) extendedPlatform(0) -> platform(9) subTarget(16777218) extendedPlatform(0)
Refreshing native plugins compatible for Editor in 0.75 ms, found 1 plugins.
Preloading 0 native plugins for Editor in 0.00 ms.
Unloading 1525 Unused Serialized files (Serialized files now loaded: 0)
System memory in use before: 132.0 MB.
System memory in use after: 132.1 MB.

Unloading 22 unused Assets to reduce memory usage. Loaded Objects now: 1981.
Total: 7.805295 ms (FindLiveObjects: 1.212633 ms CreateObjectMapping: 0.157970 ms MarkObjects: 6.385735 ms  DeleteObjects: 0.045767 ms)

AssetImportParameters requested are different than current active one (requested -> active):
  custom:graphics/normal-map-encoding: 01000000000000000000000000000000 -> 02000000000000000000000000000000
========================================================================
Received Prepare
Registering precompiled user dll's ...
Registered in 0.004418 seconds.
Begin MonoManager ReloadAssembly
Native extension for WindowsStandalone target not found
Native extension for OSXStandalone target not found
Native extension for WebGL target not found
Refreshing native plugins compatible for Editor in 1.52 ms, found 1 plugins.
Preloading 0 native plugins for Editor in 0.00 ms.
Invoked RoslynAnalysisRunner static constructor.
RoslynAnalysisRunner will not be running.
RoslynAnalysisRunner has terminated.
Mono: successfully reloaded assembly
- Completed reload, in  1.912 seconds
Platform modules already initialized, skipping
Switching build target platform(2) subTarget(0) extendedPlatform(0) -> platform(9) subTarget(16777218) extendedPlatform(0)
Refreshing native plugins compatible for Editor in 0.72 ms, found 1 plugins.
Preloading 0 native plugins for Editor in 0.00 ms.
Unloading 1525 Unused Serialized files (Serialized files now loaded: 0)
System memory in use before: 132.4 MB.
System memory in use after: 132.5 MB.

Unloading 22 unused Assets to reduce memory usage. Loaded Objects now: 1983.
Total: 2.988507 ms (FindLiveObjects: 0.373955 ms CreateObjectMapping: 0.078194 ms MarkObjects: 2.496967 ms  DeleteObjects: 0.037219 ms)

AssetImportParameters requested are different than current active one (requested -> active):
  custom:graphics/normal-map-encoding: 01000000000000000000000000000000 -> 02000000000000000000000000000000
========================================================================
Received Import Request.
  Time since last request: 122.588473 seconds.
  path: Assets/Scripts/Task Manager/Task.cs
  artifactKey: Guid(ba7ee34ac921d450aa089ed8f16584c8) Importer(815301076,1909f56bfc062723c751e8b465ee728b)
Start importing Assets/Scripts/Task Manager/Task.cs using Guid(ba7ee34ac921d450aa089ed8f16584c8) Importer(815301076,1909f56bfc062723c751e8b465ee728b)  -> (artifact id: '52d4cb4a82a970a8f3750c93ce245857') in 0.041029 seconds
  Import took 0.076114 seconds .

========================================================================
Received Prepare
Registering precompiled user dll's ...
Registered in 0.002058 seconds.
Begin MonoManager ReloadAssembly
Native extension for WindowsStandalone target not found
Native extension for OSXStandalone target not found
Native extension for WebGL target not found
Refreshing native plugins compatible for Editor in 1.51 ms, found 1 plugins.
Preloading 0 native plugins for Editor in 0.00 ms.
Invoked RoslynAnalysisRunner static constructor.
RoslynAnalysisRunner will not be running.
RoslynAnalysisRunner has terminated.
Mono: successfully reloaded assembly
- Completed reload, in  2.097 seconds
Platform modules already initialized, skipping
Switching build target platform(2) subTarget(0) extendedPlatform(0) -> platform(9) subTarget(16777218) extendedPlatform(0)
Refreshing native plugins compatible for Editor in 0.77 ms, found 1 plugins.
Preloading 0 native plugins for Editor in 0.00 ms.
Unloading 1525 Unused Serialized files (Serialized files now loaded: 0)
System memory in use before: 132.7 MB.
System memory in use after: 132.8 MB.

Unloading 22 unused Assets to reduce memory usage. Loaded Objects now: 1985.
Total: 3.613038 ms (FindLiveObjects: 0.388510 ms CreateObjectMapping: 0.116049 ms MarkObjects: 3.065801 ms  DeleteObjects: 0.040391 ms)

AssetImportParameters requested are different than current active one (requested -> active):
  custom:graphics/normal-map-encoding: 01000000000000000000000000000000 -> 02000000000000000000000000000000
========================================================================
Received Import Request.
  Time since last request: 9.736880 seconds.
  path: Assets/Scripts/Task Manager/Task.cs
  artifactKey: Guid(ba7ee34ac921d450aa089ed8f16584c8) Importer(815301076,1909f56bfc062723c751e8b465ee728b)
Start importing Assets/Scripts/Task Manager/Task.cs using Guid(ba7ee34ac921d450aa089ed8f16584c8) Importer(815301076,1909f56bfc062723c751e8b465ee728b)  -> (artifact id: 'febb74b78e51da05a3169d4cae230619') in 0.007070 seconds
  Import took 0.012327 seconds .

========================================================================
Received Import Request.
  Time since last request: 27.177038 seconds.
  path: Assets/Scripts/Task Manager/Task.cs
  artifactKey: Guid(ba7ee34ac921d450aa089ed8f16584c8) Importer(815301076,1909f56bfc062723c751e8b465ee728b)
Start importing Assets/Scripts/Task Manager/Task.cs using Guid(ba7ee34ac921d450aa089ed8f16584c8) Importer(815301076,1909f56bfc062723c751e8b465ee728b)  -> (artifact id: '73efc054dac162db95b3bf6726c6520c') in 0.002538 seconds
  Import took 0.008707 seconds .

========================================================================
Received Import Request.
  Time since last request: 10.305605 seconds.
  path: Assets/Scripts/Task Manager/Task.cs
  artifactKey: Guid(ba7ee34ac921d450aa089ed8f16584c8) Importer(815301076,1909f56bfc062723c751e8b465ee728b)
Start importing Assets/Scripts/Task Manager/Task.cs using Guid(ba7ee34ac921d450aa089ed8f16584c8) Importer(815301076,1909f56bfc062723c751e8b465ee728b)  -> (artifact id: '07c803f81ed5c94ec6cd27eefa4cceca') in 0.010712 seconds
  Import took 0.019796 seconds .

========================================================================
Received Prepare
Registering precompiled user dll's ...
Registered in 0.001435 seconds.
Begin MonoManager ReloadAssembly
Native extension for WindowsStandalone target not found
Native extension for OSXStandalone target not found
Native extension for WebGL target not found
Refreshing native plugins compatible for Editor in 1.83 ms, found 1 plugins.
Preloading 0 native plugins for Editor in 0.00 ms.
Invoked RoslynAnalysisRunner static constructor.
RoslynAnalysisRunner will not be running.
RoslynAnalysisRunner has terminated.
Mono: successfully reloaded assembly
- Completed reload, in  2.404 seconds
Platform modules already initialized, skipping
Switching build target platform(2) subTarget(0) extendedPlatform(0) -> platform(9) subTarget(16777218) extendedPlatform(0)
Refreshing native plugins compatible for Editor in 0.89 ms, found 1 plugins.
Preloading 0 native plugins for Editor in 0.00 ms.
Unloading 1525 Unused Serialized files (Serialized files now loaded: 0)
System memory in use before: 133.0 MB.
System memory in use after: 133.1 MB.

Unloading 22 unused Assets to reduce memory usage. Loaded Objects now: 1987.
Total: 3.378963 ms (FindLiveObjects: 0.470842 ms CreateObjectMapping: 0.170288 ms MarkObjects: 2.697253 ms  DeleteObjects: 0.035790 ms)

AssetImportParameters requested are different than current active one (requested -> active):
  custom:graphics/normal-map-encoding: 01000000000000000000000000000000 -> 02000000000000000000000000000000
========================================================================
Received Prepare
Registering precompiled user dll's ...
Registered in 0.006406 seconds.
Begin MonoManager ReloadAssembly
Native extension for WindowsStandalone target not found
Native extension for OSXStandalone target not found
Native extension for WebGL target not found
Refreshing native plugins compatible for Editor in 1.65 ms, found 1 plugins.
Preloading 0 native plugins for Editor in 0.00 ms.
Invoked RoslynAnalysisRunner static constructor.
RoslynAnalysisRunner will not be running.
RoslynAnalysisRunner has terminated.
Mono: successfully reloaded assembly
- Completed reload, in  2.231 seconds
Platform modules already initialized, skipping
Switching build target platform(2) subTarget(0) extendedPlatform(0) -> platform(9) subTarget(16777218) extendedPlatform(0)
Refreshing native plugins compatible for Editor in 1.22 ms, found 1 plugins.
Preloading 0 native plugins for Editor in 0.00 ms.
Unloading 1525 Unused Serialized files (Serialized files now loaded: 0)
System memory in use before: 133.3 MB.
System memory in use after: 133.4 MB.

Unloading 22 unused Assets to reduce memory usage. Loaded Objects now: 1989.
Total: 2.880006 ms (FindLiveObjects: 0.257283 ms CreateObjectMapping: 0.074379 ms MarkObjects: 2.503005 ms  DeleteObjects: 0.043344 ms)

AssetImportParameters requested are different than current active one (requested -> active):
  custom:graphics/normal-map-encoding: 01000000000000000000000000000000 -> 02000000000000000000000000000000
========================================================================
Received Import Request.
  Time since last request: 187.948497 seconds.
  path: Assets/Scripts/Task Manager/Task.cs
  artifactKey: Guid(ba7ee34ac921d450aa089ed8f16584c8) Importer(815301076,1909f56bfc062723c751e8b465ee728b)
Start importing Assets/Scripts/Task Manager/Task.cs using Guid(ba7ee34ac921d450aa089ed8f16584c8) Importer(815301076,1909f56bfc062723c751e8b465ee728b)  -> (artifact id: '276e5c86b5328140c8be2971b918b31c') in 0.177512 seconds
  Import took 0.221072 seconds .

========================================================================
Received Import Request.
  Time since last request: 0.763162 seconds.
  path: Assets/Scripts/Task Manager/Task.cs
  artifactKey: Guid(ba7ee34ac921d450aa089ed8f16584c8) Importer(815301076,1909f56bfc062723c751e8b465ee728b)
Start importing Assets/Scripts/Task Manager/Task.cs using Guid(ba7ee34ac921d450aa089ed8f16584c8) Importer(815301076,1909f56bfc062723c751e8b465ee728b)  -> (artifact id: '276e5c86b5328140c8be2971b918b31c') in 0.003286 seconds
  Import took 0.017239 seconds .

========================================================================
Received Prepare
Registering precompiled user dll's ...
Registered in 0.001608 seconds.
Begin MonoManager ReloadAssembly
Native extension for WindowsStandalone target not found
Native extension for OSXStandalone target not found
Native extension for WebGL target not found
Refreshing native plugins compatible for Editor in 1.96 ms, found 1 plugins.
Preloading 0 native plugins for Editor in 0.00 ms.
Invoked RoslynAnalysisRunner static constructor.
RoslynAnalysisRunner will not be running.
RoslynAnalysisRunner has terminated.
Mono: successfully reloaded assembly
- Completed reload, in  2.990 seconds
Platform modules already initialized, skipping
Switching build target platform(2) subTarget(0) extendedPlatform(0) -> platform(9) subTarget(16777218) extendedPlatform(0)
Refreshing native plugins compatible for Editor in 0.76 ms, found 1 plugins.
Preloading 0 native plugins for Editor in 0.00 ms.
Unloading 1525 Unused Serialized files (Serialized files now loaded: 0)
System memory in use before: 133.6 MB.
System memory in use after: 133.7 MB.

Unloading 22 unused Assets to reduce memory usage. Loaded Objects now: 1991.
Total: 3.985295 ms (FindLiveObjects: 0.430435 ms CreateObjectMapping: 0.175158 ms MarkObjects: 3.265861 ms  DeleteObjects: 0.111053 ms)

AssetImportParameters requested are different than current active one (requested -> active):
  custom:graphics/normal-map-encoding: 01000000000000000000000000000000 -> 02000000000000000000000000000000
========================================================================
Received Import Request.
  Time since last request: 19.427851 seconds.
  path: Assets/Scripts/Task Manager/Task.cs
  artifactKey: Guid(ba7ee34ac921d450aa089ed8f16584c8) Importer(815301076,1909f56bfc062723c751e8b465ee728b)
Start importing Assets/Scripts/Task Manager/Task.cs using Guid(ba7ee34ac921d450aa089ed8f16584c8) Importer(815301076,1909f56bfc062723c751e8b465ee728b)  -> (artifact id: 'f8749c95a1157c967026c5ac2f204f2b') in 0.013328 seconds
  Import took 0.022626 seconds .

========================================================================
Received Prepare
Registering precompiled user dll's ...
Registered in 0.001456 seconds.
Begin MonoManager ReloadAssembly
Native extension for WindowsStandalone target not found
Native extension for OSXStandalone target not found
Native extension for WebGL target not found
Refreshing native plugins compatible for Editor in 0.71 ms, found 1 plugins.
Preloading 0 native plugins for Editor in 0.00 ms.
Invoked RoslynAnalysisRunner static constructor.
RoslynAnalysisRunner will not be running.
RoslynAnalysisRunner has terminated.
Mono: successfully reloaded assembly
- Completed reload, in  1.684 seconds
Platform modules already initialized, skipping
Switching build target platform(2) subTarget(0) extendedPlatform(0) -> platform(9) subTarget(16777218) extendedPlatform(0)
Refreshing native plugins compatible for Editor in 1.15 ms, found 1 plugins.
Preloading 0 native plugins for Editor in 0.00 ms.
Unloading 1525 Unused Serialized files (Serialized files now loaded: 0)
System memory in use before: 134.0 MB.
System memory in use after: 134.0 MB.

Unloading 22 unused Assets to reduce memory usage. Loaded Objects now: 1993.
Total: 4.255400 ms (FindLiveObjects: 0.409121 ms CreateObjectMapping: 0.110749 ms MarkObjects: 3.613744 ms  DeleteObjects: 0.116837 ms)

AssetImportParameters requested are different than current active one (requested -> active):
  custom:graphics/normal-map-encoding: 01000000000000000000000000000000 -> 02000000000000000000000000000000
========================================================================
Received Prepare
Registering precompiled user dll's ...
Registered in 0.010716 seconds.
Begin MonoManager ReloadAssembly
Native extension for WindowsStandalone target not found
Native extension for OSXStandalone target not found
Native extension for WebGL target not found
Refreshing native plugins compatible for Editor in 0.70 ms, found 1 plugins.
Preloading 0 native plugins for Editor in 0.00 ms.
Invoked RoslynAnalysisRunner static constructor.
RoslynAnalysisRunner will not be running.
RoslynAnalysisRunner has terminated.
Mono: successfully reloaded assembly
- Completed reload, in  1.592 seconds
Platform modules already initialized, skipping
Switching build target platform(2) subTarget(0) extendedPlatform(0) -> platform(9) subTarget(16777218) extendedPlatform(0)
Refreshing native plugins compatible for Editor in 0.70 ms, found 1 plugins.
Preloading 0 native plugins for Editor in 0.00 ms.
Unloading 1525 Unused Serialized files (Serialized files now loaded: 0)
System memory in use before: 134.3 MB.
System memory in use after: 134.4 MB.

Unloading 22 unused Assets to reduce memory usage. Loaded Objects now: 1995.
Total: 2.755591 ms (FindLiveObjects: 0.335446 ms CreateObjectMapping: 0.142388 ms MarkObjects: 2.251347 ms  DeleteObjects: 0.024880 ms)

AssetImportParameters requested are different than current active one (requested -> active):
  custom:graphics/normal-map-encoding: 01000000000000000000000000000000 -> 02000000000000000000000000000000
========================================================================
Received Prepare
Registering precompiled user dll's ...
Registered in 0.012890 seconds.
Begin MonoManager ReloadAssembly
Native extension for WindowsStandalone target not found
Native extension for OSXStandalone target not found
Native extension for WebGL target not found
Refreshing native plugins compatible for Editor in 0.87 ms, found 1 plugins.
Preloading 0 native plugins for Editor in 0.00 ms.
Invoked RoslynAnalysisRunner static constructor.
RoslynAnalysisRunner will not be running.
RoslynAnalysisRunner has terminated.
Mono: successfully reloaded assembly
- Completed reload, in  1.429 seconds
Platform modules already initialized, skipping
Switching build target platform(2) subTarget(0) extendedPlatform(0) -> platform(9) subTarget(16777218) extendedPlatform(0)
Refreshing native plugins compatible for Editor in 0.71 ms, found 1 plugins.
Preloading 0 native plugins for Editor in 0.00 ms.
Unloading 1525 Unused Serialized files (Serialized files now loaded: 0)
System memory in use before: 134.6 MB.
System memory in use after: 134.7 MB.

Unloading 22 unused Assets to reduce memory usage. Loaded Objects now: 1997.
Total: 2.634190 ms (FindLiveObjects: 0.300988 ms CreateObjectMapping: 0.074890 ms MarkObjects: 2.232030 ms  DeleteObjects: 0.023968 ms)

AssetImportParameters requested are different than current active one (requested -> active):
  custom:graphics/normal-map-encoding: 01000000000000000000000000000000 -> 02000000000000000000000000000000
========================================================================
Received Prepare
Refreshing native plugins compatible for Editor in 21.84 ms, found 1 plugins.
Preloading 0 native plugins for Editor in 0.00 ms.
Unloading 20 Unused Serialized files (Serialized files now loaded: 0)
System memory in use before: 105.9 MB.
System memory in use after: 106.0 MB.

Unloading 19 unused Assets to reduce memory usage. Loaded Objects now: 1997.
Total: 33.477147 ms (FindLiveObjects: 1.823579 ms CreateObjectMapping: 0.160505 ms MarkObjects: 31.092787 ms  DeleteObjects: 0.395789 ms)

========================================================================
Received Import Request.
  Time since last request: 2792.347009 seconds.
  path: Assets/Udemy RPG Assets/Audio/Music/Boss - Encounter With The Witches.ogg
  artifactKey: Guid(0119a414949c340c4b7c4b778d2ade19) Importer(815301076,1909f56bfc062723c751e8b465ee728b)
Start importing Assets/Udemy RPG Assets/Audio/Music/Boss - Encounter With The Witches.ogg using Guid(0119a414949c340c4b7c4b778d2ade19) Importer(815301076,1909f56bfc062723c751e8b465ee728b)  -> (artifact id: '9a00ff2b58020ae2ff9d35f7dbf29659') in 2.747716 seconds
  Import took 2.896692 seconds .

========================================================================
Received Import Request.
  Time since last request: 8.847175 seconds.
  path: Assets/FocusButton.cs
  artifactKey: Guid(bb20d9f12caf84e7e95ca2f8a31a000d) Importer(815301076,1909f56bfc062723c751e8b465ee728b)
Start importing Assets/FocusButton.cs using Guid(bb20d9f12caf84e7e95ca2f8a31a000d) Importer(815301076,1909f56bfc062723c751e8b465ee728b)  -> (artifact id: '0ad6853669bf1c763a5cff69e2dac67d') in 0.038714 seconds
  Import took 0.054381 seconds .

========================================================================
Received Prepare
Registering precompiled user dll's ...
Registered in 0.002550 seconds.
Begin MonoManager ReloadAssembly
Native extension for WindowsStandalone target not found
Native extension for OSXStandalone target not found
Native extension for WebGL target not found
Refreshing native plugins compatible for Editor in 0.73 ms, found 1 plugins.
Preloading 0 native plugins for Editor in 0.00 ms.
Invoked RoslynAnalysisRunner static constructor.
RoslynAnalysisRunner will not be running.
RoslynAnalysisRunner has terminated.
Mono: successfully reloaded assembly
- Completed reload, in  1.961 seconds
Platform modules already initialized, skipping
Switching build target platform(2) subTarget(0) extendedPlatform(0) -> platform(9) subTarget(16777218) extendedPlatform(0)
Refreshing native plugins compatible for Editor in 0.76 ms, found 1 plugins.
Preloading 0 native plugins for Editor in 0.00 ms.
Unloading 1525 Unused Serialized files (Serialized files now loaded: 0)
System memory in use before: 141.8 MB.
System memory in use after: 141.9 MB.

Unloading 22 unused Assets to reduce memory usage. Loaded Objects now: 2008.
Total: 11.719899 ms (FindLiveObjects: 1.607069 ms CreateObjectMapping: 0.304208 ms MarkObjects: 9.754210 ms  DeleteObjects: 0.052456 ms)

AssetImportParameters requested are different than current active one (requested -> active):
  custom:graphics/normal-map-encoding: 01000000000000000000000000000000 -> 02000000000000000000000000000000
========================================================================
Received Prepare
Registering precompiled user dll's ...
Registered in 0.001464 seconds.
Begin MonoManager ReloadAssembly
Native extension for WindowsStandalone target not found
Native extension for OSXStandalone target not found
Native extension for WebGL target not found
Refreshing native plugins compatible for Editor in 0.87 ms, found 1 plugins.
Preloading 0 native plugins for Editor in 0.00 ms.
Invoked RoslynAnalysisRunner static constructor.
RoslynAnalysisRunner will not be running.
RoslynAnalysisRunner has terminated.
Mono: successfully reloaded assembly
- Completed reload, in  2.008 seconds
Platform modules already initialized, skipping
Switching build target platform(2) subTarget(0) extendedPlatform(0) -> platform(9) subTarget(16777218) extendedPlatform(0)
Refreshing native plugins compatible for Editor in 0.79 ms, found 1 plugins.
Preloading 0 native plugins for Editor in 0.00 ms.
Unloading 1525 Unused Serialized files (Serialized files now loaded: 0)
System memory in use before: 142.2 MB.
System memory in use after: 142.2 MB.

Unloading 22 unused Assets to reduce memory usage. Loaded Objects now: 2010.
Total: 3.003257 ms (FindLiveObjects: 0.371386 ms CreateObjectMapping: 0.124589 ms MarkObjects: 2.464028 ms  DeleteObjects: 0.039871 ms)

AssetImportParameters requested are different than current active one (requested -> active):
  custom:graphics/normal-map-encoding: 01000000000000000000000000000000 -> 02000000000000000000000000000000
========================================================================
Received Prepare
Registering precompiled user dll's ...
Registered in 0.019144 seconds.
Begin MonoManager ReloadAssembly
Native extension for WindowsStandalone target not found
Native extension for OSXStandalone target not found
Native extension for WebGL target not found
Refreshing native plugins compatible for Editor in 0.74 ms, found 1 plugins.
Preloading 0 native plugins for Editor in 0.00 ms.
Invoked RoslynAnalysisRunner static constructor.
RoslynAnalysisRunner will not be running.
RoslynAnalysisRunner has terminated.
Mono: successfully reloaded assembly
- Completed reload, in  1.546 seconds
Platform modules already initialized, skipping
Switching build target platform(2) subTarget(0) extendedPlatform(0) -> platform(9) subTarget(16777218) extendedPlatform(0)
Refreshing native plugins compatible for Editor in 0.98 ms, found 1 plugins.
Preloading 0 native plugins for Editor in 0.00 ms.
Unloading 1525 Unused Serialized files (Serialized files now loaded: 0)
System memory in use before: 142.5 MB.
System memory in use after: 142.6 MB.

Unloading 22 unused Assets to reduce memory usage. Loaded Objects now: 2012.
Total: 3.612822 ms (FindLiveObjects: 0.371620 ms CreateObjectMapping: 0.153602 ms MarkObjects: 3.041235 ms  DeleteObjects: 0.041593 ms)

AssetImportParameters requested are different than current active one (requested -> active):
  custom:graphics/normal-map-encoding: 01000000000000000000000000000000 -> 02000000000000000000000000000000
